https://www.gstatic.com/firebasejs/7.0.0/firebase-auth.js
https://www.gstatic.com/firebasejs/7.0.1/firebase-auth.js
https://www.gstatic.com/firebasejs/7.0.2/firebase-auth.js
https://www.gstatic.com/firebasejs/7.0.3/firebase-auth.js
https://www.gstatic.com/firebasejs/7.0.4/firebase-auth.js
https://www.gstatic.com/firebasejs/7.0.5/firebase-auth.js
https://www.gstatic.com/firebasejs/7.0.6/firebase-auth.js
https://www.gstatic.com/firebasejs/7.0.7/firebase-auth.js
https://www.gstatic.com/firebasejs/7.0.8/firebase-auth.js
https://www.gstatic.com/firebasejs/7.0.9/firebase-auth.js
https://www.gstatic.com/firebasejs/7.0.10/firebase-auth.js
https://www.gstatic.com/firebasejs/7.0.11/firebase-auth.js
https://www.gstatic.com/firebasejs/7.0.12/firebase-auth.js
https://www.gstatic.com/firebasejs/7.0.13/firebase-auth.js
https://www.gstatic.com/firebasejs/7.0.14/firebase-auth.js
https://www.gstatic.com/firebasejs/7.0.15/firebase-auth.js
https://www.gstatic.com/firebasejs/7.0.16/firebase-auth.js
https://www.gstatic.com/firebasejs/7.0.17/firebase-auth.js
https://www.gstatic.com/firebasejs/7.0.18/firebase-auth.js
https://www.gstatic.com/firebasejs/7.0.19/firebase-auth.js
https://www.gstatic.com/firebasejs/7.0.20/firebase-auth.js
https://www.gstatic.com/firebasejs/7.1.0/firebase-auth.js
https://www.gstatic.com/firebasejs/7.1.1/firebase-auth.js
https://www.gstatic.com/firebasejs/7.1.2/firebase-auth.js
https://www.gstatic.com/firebasejs/7.1.3/firebase-auth.js
https://www.gstatic.com/firebasejs/7.1.4/firebase-auth.js
https://www.gstatic.com/firebasejs/7.1.5/firebase-auth.js
https://www.gstatic.com/firebasejs/7.1.6/firebase-auth.js
https://www.gstatic.com/firebasejs/7.1.7/firebase-auth.js
https://www.gstatic.com/firebasejs/7.1.8/firebase-auth.js
https://www.gstatic.com/firebasejs/7.1.9/firebase-auth.js
https://www.gstatic.com/firebasejs/7.1.10/firebase-auth.js
https://www.gstatic.com/firebasejs/7.1.11/firebase-auth.js
https://www.gstatic.com/firebasejs/7.1.12/firebase-auth.js
https://www.gstatic.com/firebasejs/7.1.13/firebase-auth.js
https://www.gstatic.com/firebasejs/7.1.14/firebase-auth.js
https://www.gstatic.com/firebasejs/7.1.15/firebase-auth.js
https://www.gstatic.com/firebasejs/7.1.16/firebase-auth.js
https://www.gstatic.com/firebasejs/7.1.17/firebase-auth.js
https://www.gstatic.com/firebasejs/7.1.18/firebase-auth.js
https://www.gstatic.com/firebasejs/7.1.19/firebase-auth.js
https://www.gstatic.com/firebasejs/7.1.20/firebase-auth.js
https://www.gstatic.com/firebasejs/7.2.0/firebase-auth.js
https://www.gstatic.com/firebasejs/7.2.1/firebase-auth.js
https://www.gstatic.com/firebasejs/7.2.2/firebase-auth.js
https://www.gstatic.com/firebasejs/7.2.3/firebase-auth.js
https://www.gstatic.com/firebasejs/7.2.4/firebase-auth.js
https://www.gstatic.com/firebasejs/7.2.5/firebase-auth.js
https://www.gstatic.com/firebasejs/7.2.6/firebase-auth.js
https://www.gstatic.com/firebasejs/7.2.7/firebase-auth.js
https://www.gstatic.com/firebasejs/7.2.8/firebase-auth.js
https://www.gstatic.com/firebasejs/7.2.9/firebase-auth.js
https://www.gstatic.com/firebasejs/7.2.10/firebase-auth.js
https://www.gstatic.com/firebasejs/7.2.11/firebase-auth.js
https://www.gstatic.com/firebasejs/7.2.12/firebase-auth.js
https://www.gstatic.com/firebasejs/7.2.13/firebase-auth.js
https://www.gstatic.com/firebasejs/7.2.14/firebase-auth.js
https://www.gstatic.com/firebasejs/7.2.15/firebase-auth.js
https://www.gstatic.com/firebasejs/7.2.16/firebase-auth.js
https://www.gstatic.com/firebasejs/7.2.17/firebase-auth.js
https://www.gstatic.com/firebasejs/7.2.18/firebase-auth.js
https://www.gstatic.com/firebasejs/7.2.19/firebase-auth.js
https://www.gstatic.com/firebasejs/7.2.20/firebase-auth.js
https://www.gstatic.com/firebasejs/7.3.0/firebase-auth.js
https://www.gstatic.com/firebasejs/7.3.1/firebase-auth.js
https://www.gstatic.com/firebasejs/7.3.2/firebase-auth.js
https://www.gstatic.com/firebasejs/7.3.3/firebase-auth.js
https://www.gstatic.com/firebasejs/7.3.4/firebase-auth.js
https://www.gstatic.com/firebasejs/7.3.5/firebase-auth.js
https://www.gstatic.com/firebasejs/7.3.6/firebase-auth.js
https://www.gstatic.com/firebasejs/7.3.7/firebase-auth.js
https://www.gstatic.com/firebasejs/7.3.8/firebase-auth.js
https://www.gstatic.com/firebasejs/7.3.9/firebase-auth.js
https://www.gstatic.com/firebasejs/7.3.10/firebase-auth.js
https://www.gstatic.com/firebasejs/7.3.11/firebase-auth.js
https://www.gstatic.com/firebasejs/7.3.12/firebase-auth.js
https://www.gstatic.com/firebasejs/7.3.13/firebase-auth.js
https://www.gstatic.com/firebasejs/7.3.14/firebase-auth.js
https://www.gstatic.com/firebasejs/7.3.15/firebase-auth.js
https://www.gstatic.com/firebasejs/7.3.16/firebase-auth.js
https://www.gstatic.com/firebasejs/7.3.17/firebase-auth.js
https://www.gstatic.com/firebasejs/7.3.18/firebase-auth.js
https://www.gstatic.com/firebasejs/7.3.19/firebase-auth.js
https://www.gstatic.com/firebasejs/7.3.20/firebase-auth.js
https://www.gstatic.com/firebasejs/7.4.0/firebase-auth.js
https://www.gstatic.com/firebasejs/7.4.1/firebase-auth.js
https://www.gstatic.com/firebasejs/7.4.2/firebase-auth.js
https://www.gstatic.com/firebasejs/7.4.3/firebase-auth.js
https://www.gstatic.com/firebasejs/7.4.4/firebase-auth.js
https://www.gstatic.com/firebasejs/7.4.5/firebase-auth.js
https://www.gstatic.com/firebasejs/7.4.6/firebase-auth.js
https://www.gstatic.com/firebasejs/7.4.7/firebase-auth.js
https://www.gstatic.com/firebasejs/7.4.8/firebase-auth.js
https://www.gstatic.com/firebasejs/7.4.9/firebase-auth.js
https://www.gstatic.com/firebasejs/7.4.10/firebase-auth.js
https://www.gstatic.com/firebasejs/7.4.11/firebase-auth.js
https://www.gstatic.com/firebasejs/7.4.12/firebase-auth.js
https://www.gstatic.com/firebasejs/7.4.13/firebase-auth.js
https://www.gstatic.com/firebasejs/7.4.14/firebase-auth.js
https://www.gstatic.com/firebasejs/7.4.15/firebase-auth.js
https://www.gstatic.com/firebasejs/7.4.16/firebase-auth.js
https://www.gstatic.com/firebasejs/7.4.17/firebase-auth.js
https://www.gstatic.com/firebasejs/7.4.18/firebase-auth.js
https://www.gstatic.com/firebasejs/7.4.19/firebase-auth.js
https://www.gstatic.com/firebasejs/7.4.20/firebase-auth.js
https://www.gstatic.com/firebasejs/7.5.0/firebase-auth.js
https://www.gstatic.com/firebasejs/7.5.1/firebase-auth.js
https://www.gstatic.com/firebasejs/7.5.2/firebase-auth.js
https://www.gstatic.com/firebasejs/7.5.3/firebase-auth.js
https://www.gstatic.com/firebasejs/7.5.4/firebase-auth.js
https://www.gstatic.com/firebasejs/7.5.5/firebase-auth.js
https://www.gstatic.com/firebasejs/7.5.6/firebase-auth.js
https://www.gstatic.com/firebasejs/7.5.7/firebase-auth.js
https://www.gstatic.com/firebasejs/7.5.8/firebase-auth.js
https://www.gstatic.com/firebasejs/7.5.9/firebase-auth.js
https://www.gstatic.com/firebasejs/7.5.10/firebase-auth.js
https://www.gstatic.com/firebasejs/7.5.12/firebase-auth.js
https://www.gstatic.com/firebasejs/7.5.11/firebase-auth.js
https://www.gstatic.com/firebasejs/7.5.13/firebase-auth.js
https://www.gstatic.com/firebasejs/7.5.14/firebase-auth.js
https://www.gstatic.com/firebasejs/7.5.15/firebase-auth.js
https://www.gstatic.com/firebasejs/7.5.16/firebase-auth.js
https://www.gstatic.com/firebasejs/7.5.17/firebase-auth.js
https://www.gstatic.com/firebasejs/7.5.18/firebase-auth.js
https://www.gstatic.com/firebasejs/7.5.19/firebase-auth.js
https://www.gstatic.com/firebasejs/7.5.20/firebase-auth.js
https://www.gstatic.com/firebasejs/7.6.0/firebase-auth.js
https://www.gstatic.com/firebasejs/7.6.1/firebase-auth.js
https://www.gstatic.com/firebasejs/7.6.2/firebase-auth.js
https://www.gstatic.com/firebasejs/7.6.3/firebase-auth.js
https://www.gstatic.com/firebasejs/7.6.4/firebase-auth.js
https://www.gstatic.com/firebasejs/7.6.5/firebase-auth.js
https://www.gstatic.com/firebasejs/7.6.6/firebase-auth.js
https://www.gstatic.com/firebasejs/7.6.7/firebase-auth.js
https://www.gstatic.com/firebasejs/7.6.8/firebase-auth.js
https://www.gstatic.com/firebasejs/7.6.9/firebase-auth.js
https://www.gstatic.com/firebasejs/7.6.10/firebase-auth.js
https://www.gstatic.com/firebasejs/7.6.11/firebase-auth.js
https://www.gstatic.com/firebasejs/7.6.12/firebase-auth.js
https://www.gstatic.com/firebasejs/7.6.13/firebase-auth.js
https://www.gstatic.com/firebasejs/7.6.14/firebase-auth.js
https://www.gstatic.com/firebasejs/7.6.15/firebase-auth.js
https://www.gstatic.com/firebasejs/7.6.16/firebase-auth.js
https://www.gstatic.com/firebasejs/7.6.17/firebase-auth.js
https://www.gstatic.com/firebasejs/7.6.18/firebase-auth.js
https://www.gstatic.com/firebasejs/7.6.19/firebase-auth.js
https://www.gstatic.com/firebasejs/7.6.20/firebase-auth.js
https://www.gstatic.com/firebasejs/7.7.0/firebase-auth.js
https://www.gstatic.com/firebasejs/7.7.1/firebase-auth.js
https://www.gstatic.com/firebasejs/7.7.2/firebase-auth.js
https://www.gstatic.com/firebasejs/7.7.3/firebase-auth.js
https://www.gstatic.com/firebasejs/7.7.4/firebase-auth.js
https://www.gstatic.com/firebasejs/7.7.5/firebase-auth.js
https://www.gstatic.com/firebasejs/7.7.6/firebase-auth.js
https://www.gstatic.com/firebasejs/7.7.7/firebase-auth.js
https://www.gstatic.com/firebasejs/7.7.8/firebase-auth.js
https://www.gstatic.com/firebasejs/7.7.9/firebase-auth.js
https://www.gstatic.com/firebasejs/7.7.10/firebase-auth.js
https://www.gstatic.com/firebasejs/7.7.11/firebase-auth.js
https://www.gstatic.com/firebasejs/7.7.12/firebase-auth.js
https://www.gstatic.com/firebasejs/7.7.13/firebase-auth.js
https://www.gstatic.com/firebasejs/7.7.14/firebase-auth.js
https://www.gstatic.com/firebasejs/7.7.15/firebase-auth.js
https://www.gstatic.com/firebasejs/7.7.16/firebase-auth.js
https://www.gstatic.com/firebasejs/7.7.17/firebase-auth.js
https://www.gstatic.com/firebasejs/7.7.18/firebase-auth.js
https://www.gstatic.com/firebasejs/7.7.19/firebase-auth.js
https://www.gstatic.com/firebasejs/7.7.20/firebase-auth.js
https://www.gstatic.com/firebasejs/7.8.0/firebase-auth.js
https://www.gstatic.com/firebasejs/7.8.1/firebase-auth.js
https://www.gstatic.com/firebasejs/7.8.2/firebase-auth.js
https://www.gstatic.com/firebasejs/7.8.3/firebase-auth.js
https://www.gstatic.com/firebasejs/7.8.4/firebase-auth.js
https://www.gstatic.com/firebasejs/7.8.5/firebase-auth.js
https://www.gstatic.com/firebasejs/7.8.6/firebase-auth.js
https://www.gstatic.com/firebasejs/7.8.7/firebase-auth.js
https://www.gstatic.com/firebasejs/7.8.8/firebase-auth.js
https://www.gstatic.com/firebasejs/7.8.9/firebase-auth.js
https://www.gstatic.com/firebasejs/7.8.10/firebase-auth.js
https://www.gstatic.com/firebasejs/7.8.11/firebase-auth.js
https://www.gstatic.com/firebasejs/7.8.12/firebase-auth.js
https://www.gstatic.com/firebasejs/7.8.13/firebase-auth.js
https://www.gstatic.com/firebasejs/7.8.14/firebase-auth.js
https://www.gstatic.com/firebasejs/7.8.15/firebase-auth.js
https://www.gstatic.com/firebasejs/7.8.16/firebase-auth.js
https://www.gstatic.com/firebasejs/7.8.17/firebase-auth.js
https://www.gstatic.com/firebasejs/7.8.18/firebase-auth.js
https://www.gstatic.com/firebasejs/7.8.19/firebase-auth.js
https://www.gstatic.com/firebasejs/7.8.20/firebase-auth.js
https://www.gstatic.com/firebasejs/7.9.0/firebase-auth.js
https://www.gstatic.com/firebasejs/7.9.1/firebase-auth.js
https://www.gstatic.com/firebasejs/7.9.2/firebase-auth.js
https://www.gstatic.com/firebasejs/7.9.3/firebase-auth.js
https://www.gstatic.com/firebasejs/7.9.4/firebase-auth.js
https://www.gstatic.com/firebasejs/7.9.5/firebase-auth.js
https://www.gstatic.com/firebasejs/7.9.6/firebase-auth.js
https://www.gstatic.com/firebasejs/7.9.7/firebase-auth.js
https://www.gstatic.com/firebasejs/7.9.8/firebase-auth.js
https://www.gstatic.com/firebasejs/7.9.9/firebase-auth.js
https://www.gstatic.com/firebasejs/7.9.10/firebase-auth.js
https://www.gstatic.com/firebasejs/7.9.11/firebase-auth.js
https://www.gstatic.com/firebasejs/7.9.12/firebase-auth.js
https://www.gstatic.com/firebasejs/7.9.13/firebase-auth.js
https://www.gstatic.com/firebasejs/7.9.14/firebase-auth.js
https://www.gstatic.com/firebasejs/7.9.15/firebase-auth.js
https://www.gstatic.com/firebasejs/7.9.16/firebase-auth.js
https://www.gstatic.com/firebasejs/7.9.17/firebase-auth.js
https://www.gstatic.com/firebasejs/7.9.18/firebase-auth.js
https://www.gstatic.com/firebasejs/7.9.19/firebase-auth.js
https://www.gstatic.com/firebasejs/7.9.20/firebase-auth.js
https://www.gstatic.com/firebasejs/7.10.0/firebase-auth.js
https://www.gstatic.com/firebasejs/7.10.1/firebase-auth.js
https://www.gstatic.com/firebasejs/7.10.2/firebase-auth.js
https://www.gstatic.com/firebasejs/7.10.3/firebase-auth.js
https://www.gstatic.com/firebasejs/7.10.4/firebase-auth.js
https://www.gstatic.com/firebasejs/7.10.5/firebase-auth.js
https://www.gstatic.com/firebasejs/7.10.6/firebase-auth.js
https://www.gstatic.com/firebasejs/7.10.7/firebase-auth.js
https://www.gstatic.com/firebasejs/7.10.8/firebase-auth.js
https://www.gstatic.com/firebasejs/7.10.9/firebase-auth.js
https://www.gstatic.com/firebasejs/7.10.10/firebase-auth.js
https://www.gstatic.com/firebasejs/7.10.11/firebase-auth.js
https://www.gstatic.com/firebasejs/7.10.12/firebase-auth.js
https://www.gstatic.com/firebasejs/7.10.13/firebase-auth.js
https://www.gstatic.com/firebasejs/7.10.14/firebase-auth.js
https://www.gstatic.com/firebasejs/7.10.15/firebase-auth.js
https://www.gstatic.com/firebasejs/7.10.16/firebase-auth.js
https://www.gstatic.com/firebasejs/7.10.17/firebase-auth.js
https://www.gstatic.com/firebasejs/7.10.18/firebase-auth.js
https://www.gstatic.com/firebasejs/7.10.19/firebase-auth.js
https://www.gstatic.com/firebasejs/7.10.20/firebase-auth.js
https://www.gstatic.com/firebasejs/7.11.1/firebase-auth.js
https://www.gstatic.com/firebasejs/7.11.2/firebase-auth.js
https://www.gstatic.com/firebasejs/7.11.3/firebase-auth.js
https://www.gstatic.com/firebasejs/7.11.4/firebase-auth.js
https://www.gstatic.com/firebasejs/7.11.0/firebase-auth.js
https://www.gstatic.com/firebasejs/7.11.5/firebase-auth.js
https://www.gstatic.com/firebasejs/7.11.6/firebase-auth.js
https://www.gstatic.com/firebasejs/7.11.7/firebase-auth.js
https://www.gstatic.com/firebasejs/7.11.8/firebase-auth.js
https://www.gstatic.com/firebasejs/7.11.9/firebase-auth.js
https://www.gstatic.com/firebasejs/7.11.10/firebase-auth.js
https://www.gstatic.com/firebasejs/7.11.11/firebase-auth.js
https://www.gstatic.com/firebasejs/7.11.12/firebase-auth.js
https://www.gstatic.com/firebasejs/7.11.13/firebase-auth.js
https://www.gstatic.com/firebasejs/7.11.14/firebase-auth.js
https://www.gstatic.com/firebasejs/7.11.15/firebase-auth.js
https://www.gstatic.com/firebasejs/7.11.16/firebase-auth.js
https://www.gstatic.com/firebasejs/7.11.17/firebase-auth.js
https://www.gstatic.com/firebasejs/7.11.18/firebase-auth.js
https://www.gstatic.com/firebasejs/7.11.19/firebase-auth.js
https://www.gstatic.com/firebasejs/7.11.20/firebase-auth.js
https://www.gstatic.com/firebasejs/7.12.0/firebase-auth.js
https://www.gstatic.com/firebasejs/7.12.1/firebase-auth.js
https://www.gstatic.com/firebasejs/7.12.2/firebase-auth.js
https://www.gstatic.com/firebasejs/7.12.3/firebase-auth.js
https://www.gstatic.com/firebasejs/7.12.4/firebase-auth.js
https://www.gstatic.com/firebasejs/7.12.5/firebase-auth.js
https://www.gstatic.com/firebasejs/7.12.6/firebase-auth.js
https://www.gstatic.com/firebasejs/7.12.7/firebase-auth.js
https://www.gstatic.com/firebasejs/7.12.8/firebase-auth.js
https://www.gstatic.com/firebasejs/7.12.9/firebase-auth.js
https://www.gstatic.com/firebasejs/7.12.10/firebase-auth.js
https://www.gstatic.com/firebasejs/7.12.11/firebase-auth.js
https://www.gstatic.com/firebasejs/7.12.13/firebase-auth.js
https://www.gstatic.com/firebasejs/7.12.12/firebase-auth.js
https://www.gstatic.com/firebasejs/7.12.14/firebase-auth.js
https://www.gstatic.com/firebasejs/7.12.15/firebase-auth.js
https://www.gstatic.com/firebasejs/7.12.16/firebase-auth.js
https://www.gstatic.com/firebasejs/7.12.17/firebase-auth.js
https://www.gstatic.com/firebasejs/7.12.18/firebase-auth.js
https://www.gstatic.com/firebasejs/7.12.19/firebase-auth.js
https://www.gstatic.com/firebasejs/7.12.20/firebase-auth.js
https://www.gstatic.com/firebasejs/7.13.0/firebase-auth.js
https://www.gstatic.com/firebasejs/7.13.1/firebase-auth.js
https://www.gstatic.com/firebasejs/7.13.2/firebase-auth.js
https://www.gstatic.com/firebasejs/7.13.3/firebase-auth.js
https://www.gstatic.com/firebasejs/7.13.4/firebase-auth.js
https://www.gstatic.com/firebasejs/7.13.5/firebase-auth.js
https://www.gstatic.com/firebasejs/7.13.6/firebase-auth.js
https://www.gstatic.com/firebasejs/7.13.7/firebase-auth.js
https://www.gstatic.com/firebasejs/7.13.8/firebase-auth.js
https://www.gstatic.com/firebasejs/7.13.9/firebase-auth.js
https://www.gstatic.com/firebasejs/7.13.10/firebase-auth.js
https://www.gstatic.com/firebasejs/7.13.11/firebase-auth.js
https://www.gstatic.com/firebasejs/7.13.12/firebase-auth.js
https://www.gstatic.com/firebasejs/7.13.13/firebase-auth.js
https://www.gstatic.com/firebasejs/7.13.14/firebase-auth.js
https://www.gstatic.com/firebasejs/7.13.15/firebase-auth.js
https://www.gstatic.com/firebasejs/7.13.16/firebase-auth.js
https://www.gstatic.com/firebasejs/7.13.17/firebase-auth.js
https://www.gstatic.com/firebasejs/7.13.18/firebase-auth.js
https://www.gstatic.com/firebasejs/7.13.19/firebase-auth.js
https://www.gstatic.com/firebasejs/7.13.20/firebase-auth.js
https://www.gstatic.com/firebasejs/7.14.0/firebase-auth.js
https://www.gstatic.com/firebasejs/7.14.1/firebase-auth.js
https://www.gstatic.com/firebasejs/7.14.2/firebase-auth.js
https://www.gstatic.com/firebasejs/7.14.3/firebase-auth.js
https://www.gstatic.com/firebasejs/7.14.4/firebase-auth.js
https://www.gstatic.com/firebasejs/7.14.5/firebase-auth.js
https://www.gstatic.com/firebasejs/7.14.6/firebase-auth.js
https://www.gstatic.com/firebasejs/7.14.7/firebase-auth.js
https://www.gstatic.com/firebasejs/7.14.8/firebase-auth.js
https://www.gstatic.com/firebasejs/7.14.9/firebase-auth.js
https://www.gstatic.com/firebasejs/7.14.10/firebase-auth.js
https://www.gstatic.com/firebasejs/7.14.11/firebase-auth.js
https://www.gstatic.com/firebasejs/7.14.12/firebase-auth.js
https://www.gstatic.com/firebasejs/7.14.13/firebase-auth.js
https://www.gstatic.com/firebasejs/7.14.14/firebase-auth.js
https://www.gstatic.com/firebasejs/7.14.15/firebase-auth.js
https://www.gstatic.com/firebasejs/7.14.16/firebase-auth.js
https://www.gstatic.com/firebasejs/7.14.17/firebase-auth.js
https://www.gstatic.com/firebasejs/7.14.18/firebase-auth.js
https://www.gstatic.com/firebasejs/7.14.19/firebase-auth.js
https://www.gstatic.com/firebasejs/7.14.20/firebase-auth.js
https://www.gstatic.com/firebasejs/7.15.0/firebase-auth.js
https://www.gstatic.com/firebasejs/7.15.1/firebase-auth.js
https://www.gstatic.com/firebasejs/7.15.2/firebase-auth.js
https://www.gstatic.com/firebasejs/7.15.3/firebase-auth.js
https://www.gstatic.com/firebasejs/7.15.4/firebase-auth.js
https://www.gstatic.com/firebasejs/7.15.5/firebase-auth.js
https://www.gstatic.com/firebasejs/7.15.6/firebase-auth.js
https://www.gstatic.com/firebasejs/7.15.7/firebase-auth.js
https://www.gstatic.com/firebasejs/7.15.8/firebase-auth.js
https://www.gstatic.com/firebasejs/7.15.9/firebase-auth.js
https://www.gstatic.com/firebasejs/7.15.10/firebase-auth.js
https://www.gstatic.com/firebasejs/7.15.11/firebase-auth.js
https://www.gstatic.com/firebasejs/7.15.12/firebase-auth.js
https://www.gstatic.com/firebasejs/7.15.13/firebase-auth.js
https://www.gstatic.com/firebasejs/7.15.14/firebase-auth.js
https://www.gstatic.com/firebasejs/7.15.15/firebase-auth.js
https://www.gstatic.com/firebasejs/7.15.16/firebase-auth.js
https://www.gstatic.com/firebasejs/7.15.17/firebase-auth.js
https://www.gstatic.com/firebasejs/7.15.18/firebase-auth.js
https://www.gstatic.com/firebasejs/7.15.19/firebase-auth.js
https://www.gstatic.com/firebasejs/7.15.20/firebase-auth.js
https://www.gstatic.com/firebasejs/7.16.0/firebase-auth.js
https://www.gstatic.com/firebasejs/7.16.2/firebase-auth.js
https://www.gstatic.com/firebasejs/7.16.1/firebase-auth.js
https://www.gstatic.com/firebasejs/7.16.3/firebase-auth.js
https://www.gstatic.com/firebasejs/7.16.4/firebase-auth.js
https://www.gstatic.com/firebasejs/7.16.5/firebase-auth.js
https://www.gstatic.com/firebasejs/7.16.6/firebase-auth.js
https://www.gstatic.com/firebasejs/7.16.7/firebase-auth.js
https://www.gstatic.com/firebasejs/7.16.8/firebase-auth.js
https://www.gstatic.com/firebasejs/7.16.9/firebase-auth.js
https://www.gstatic.com/firebasejs/7.16.10/firebase-auth.js
https://www.gstatic.com/firebasejs/7.16.11/firebase-auth.js
https://www.gstatic.com/firebasejs/7.16.12/firebase-auth.js
https://www.gstatic.com/firebasejs/7.16.13/firebase-auth.js
https://www.gstatic.com/firebasejs/7.16.14/firebase-auth.js
https://www.gstatic.com/firebasejs/7.16.15/firebase-auth.js
https://www.gstatic.com/firebasejs/7.16.16/firebase-auth.js
https://www.gstatic.com/firebasejs/7.16.17/firebase-auth.js
https://www.gstatic.com/firebasejs/7.16.18/firebase-auth.js
https://www.gstatic.com/firebasejs/7.16.19/firebase-auth.js
https://www.gstatic.com/firebasejs/7.16.20/firebase-auth.js
https://www.gstatic.com/firebasejs/7.17.0/firebase-auth.js
https://www.gstatic.com/firebasejs/7.17.1/firebase-auth.js
https://www.gstatic.com/firebasejs/7.17.2/firebase-auth.js
https://www.gstatic.com/firebasejs/7.17.3/firebase-auth.js
https://www.gstatic.com/firebasejs/7.17.4/firebase-auth.js
https://www.gstatic.com/firebasejs/7.17.5/firebase-auth.js
https://www.gstatic.com/firebasejs/7.17.6/firebase-auth.js
https://www.gstatic.com/firebasejs/7.17.7/firebase-auth.js
https://www.gstatic.com/firebasejs/7.17.8/firebase-auth.js
https://www.gstatic.com/firebasejs/7.17.9/firebase-auth.js
https://www.gstatic.com/firebasejs/7.17.10/firebase-auth.js
https://www.gstatic.com/firebasejs/7.17.11/firebase-auth.js
https://www.gstatic.com/firebasejs/7.17.12/firebase-auth.js
https://www.gstatic.com/firebasejs/7.17.13/firebase-auth.js
https://www.gstatic.com/firebasejs/7.17.14/firebase-auth.js
https://www.gstatic.com/firebasejs/7.17.15/firebase-auth.js
https://www.gstatic.com/firebasejs/7.17.16/firebase-auth.js
https://www.gstatic.com/firebasejs/7.17.17/firebase-auth.js
https://www.gstatic.com/firebasejs/7.17.18/firebase-auth.js
https://www.gstatic.com/firebasejs/7.17.20/firebase-auth.js
https://www.gstatic.com/firebasejs/7.17.19/firebase-auth.js
https://www.gstatic.com/firebasejs/7.18.0/firebase-auth.js
https://www.gstatic.com/firebasejs/7.18.1/firebase-auth.js
https://www.gstatic.com/firebasejs/7.18.2/firebase-auth.js
https://www.gstatic.com/firebasejs/7.18.3/firebase-auth.js
https://www.gstatic.com/firebasejs/7.18.4/firebase-auth.js
https://www.gstatic.com/firebasejs/7.18.5/firebase-auth.js
https://www.gstatic.com/firebasejs/7.18.6/firebase-auth.js
HTTP/2 200 
accept-ranges: bytes
vary: Accept-Encoding
content-type: text/javascript; charset=UTF-8
content-length: 163454
access-control-allow-origin: *
content-security-policy-report-only: require-trusted-types-for 'script'; report-uri https://csp.withgoogle.com/csp/firebase-js
cross-origin-resource-policy: cross-origin
cross-origin-opener-policy-report-only: same-origin; report-to="firebase-js"
report-to: {"group":"firebase-js","max_age":2592000,"endpoints":[{"url":"https://csp.withgoogle.com/csp/report-to/firebase-js"}]}
date: Mon, 04 Oct 2021 06:04:39 GMT
expires: Tue, 04 Oct 2022 06:04:39 GMT
cache-control: public, max-age=31536000
last-modified: Wed, 16 Oct 2019 19:09:14 GMT
x-content-type-options: nosniff
server: sffe
x-xss-protection: 0
alt-svc: h3=":443"; ma=2592000,h3-29=":443"; ma=2592000,h3-T051=":443"; ma=2592000,h3-Q050=":443"; ma=2592000,h3-Q046=":443"; ma=2592000,h3-Q043=":443"; ma=2592000,quic=":443"; ma=2592000; v="46,43"

HTTP/2 404 
access-control-allow-origin: *
x-content-type-options: nosniff
date: Mon, 04 Oct 2021 06:04:39 GMT
content-type: text/html; charset=UTF-8
server: sffe
content-length: 1594
x-xss-protection: 0
alt-svc: h3=":443"; ma=2592000,h3-29=":443"; ma=2592000,h3-T051=":443"; ma=2592000,h3-Q050=":443"; ma=2592000,h3-Q046=":443"; ma=2592000,h3-Q043=":443"; ma=2592000,quic=":443"; ma=2592000; v="46,43"

https://www.gstatic.com/firebasejs/7.18.7/firebase-auth.js
https://www.gstatic.com/firebasejs/7.18.8/firebase-auth.js
HTTP/2 404 
access-control-allow-origin: *
x-content-type-options: nosniff
date: Mon, 04 Oct 2021 06:04:39 GMT
content-type: text/html; charset=UTF-8
server: sffe
content-length: 1594
x-xss-protection: 0
alt-svc: h3=":443"; ma=2592000,h3-29=":443"; ma=2592000,h3-T051=":443"; ma=2592000,h3-Q050=":443"; ma=2592000,h3-Q046=":443"; ma=2592000,h3-Q043=":443"; ma=2592000,quic=":443"; ma=2592000; v="46,43"

https://www.gstatic.com/firebasejs/7.18.9/firebase-auth.js
HTTP/2 200 
accept-ranges: bytes
vary: Accept-Encoding
content-type: text/javascript; charset=UTF-8
content-length: 163454
access-control-allow-origin: *
content-security-policy-report-only: require-trusted-types-for 'script'; report-uri https://csp.withgoogle.com/csp/firebase-js
cross-origin-resource-policy: cross-origin
cross-origin-opener-policy-report-only: same-origin; report-to="firebase-js"
report-to: {"group":"firebase-js","max_age":2592000,"endpoints":[{"url":"https://csp.withgoogle.com/csp/report-to/firebase-js"}]}
date: Mon, 04 Oct 2021 06:04:39 GMT
expires: Tue, 04 Oct 2022 06:04:39 GMT
cache-control: public, max-age=31536000
last-modified: Thu, 31 Oct 2019 20:52:04 GMT
x-content-type-options: nosniff
server: sffe
x-xss-protection: 0
alt-svc: h3=":443"; ma=2592000,h3-29=":443"; ma=2592000,h3-T051=":443"; ma=2592000,h3-Q050=":443"; ma=2592000,h3-Q046=":443"; ma=2592000,h3-Q043=":443"; ma=2592000,quic=":443"; ma=2592000; v="46,43"

https://www.gstatic.com/firebasejs/7.18.10/firebase-auth.js
HTTP/2 404 
access-control-allow-origin: *
x-content-type-options: nosniff
date: Mon, 04 Oct 2021 06:04:39 GMT
content-type: text/html; charset=UTF-8
server: sffe
content-length: 1595
x-xss-protection: 0
alt-svc: h3=":443"; ma=2592000,h3-29=":443"; ma=2592000,h3-T051=":443"; ma=2592000,h3-Q050=":443"; ma=2592000,h3-Q046=":443"; ma=2592000,h3-Q043=":443"; ma=2592000,quic=":443"; ma=2592000; v="46,43"

HTTP/2 404 
access-control-allow-origin: *
x-content-type-options: nosniff
date: Mon, 04 Oct 2021 06:04:39 GMT
content-type: text/html; charset=UTF-8
server: sffe
content-length: 1594
x-xss-protection: 0
alt-svc: h3=":443"; ma=2592000,h3-29=":443"; ma=2592000,h3-T051=":443"; ma=2592000,h3-Q050=":443"; ma=2592000,h3-Q046=":443"; ma=2592000,h3-Q043=":443"; ma=2592000,quic=":443"; ma=2592000; v="46,43"

HTTP/2 200 
accept-ranges: bytes
vary: Accept-Encoding
content-type: text/javascript; charset=UTF-8
content-length: 163454
access-control-allow-origin: *
content-security-policy-report-only: require-trusted-types-for 'script'; report-uri https://csp.withgoogle.com/csp/firebase-js
cross-origin-resource-policy: cross-origin
cross-origin-opener-policy-report-only: same-origin; report-to="firebase-js"
report-to: {"group":"firebase-js","max_age":2592000,"endpoints":[{"url":"https://csp.withgoogle.com/csp/report-to/firebase-js"}]}
date: Mon, 04 Oct 2021 06:04:39 GMT
expires: Tue, 04 Oct 2022 06:04:39 GMT
cache-control: public, max-age=31536000
last-modified: Thu, 07 Nov 2019 23:11:03 GMT
x-content-type-options: nosniff
server: sffe
x-xss-protection: 0
alt-svc: h3=":443"; ma=2592000,h3-29=":443"; ma=2592000,h3-T051=":443"; ma=2592000,h3-Q050=":443"; ma=2592000,h3-Q046=":443"; ma=2592000,h3-Q043=":443"; ma=2592000,quic=":443"; ma=2592000; v="46,43"

HTTP/2 200 
accept-ranges: bytes
vary: Accept-Encoding
content-type: text/javascript; charset=UTF-8
content-length: 163454
access-control-allow-origin: *
content-security-policy-report-only: require-trusted-types-for 'script'; report-uri https://csp.withgoogle.com/csp/firebase-js
cross-origin-resource-policy: cross-origin
cross-origin-opener-policy-report-only: same-origin; report-to="firebase-js"
report-to: {"group":"firebase-js","max_age":2592000,"endpoints":[{"url":"https://csp.withgoogle.com/csp/report-to/firebase-js"}]}
date: Mon, 04 Oct 2021 06:04:39 GMT
expires: Tue, 04 Oct 2022 06:04:39 GMT
cache-control: public, max-age=31536000
last-modified: Thu, 03 Oct 2019 20:47:52 GMT
x-content-type-options: nosniff
server: sffe
x-xss-protection: 0
alt-svc: h3=":443"; ma=2592000,h3-29=":443"; ma=2592000,h3-T051=":443"; ma=2592000,h3-Q050=":443"; ma=2592000,h3-Q046=":443"; ma=2592000,h3-Q043=":443"; ma=2592000,quic=":443"; ma=2592000; v="46,43"

HTTP/2 200 
accept-ranges: bytes
vary: Accept-Encoding
content-type: text/javascript; charset=UTF-8
content-length: 163454
access-control-allow-origin: *
content-security-policy-report-only: require-trusted-types-for 'script'; report-uri https://csp.withgoogle.com/csp/firebase-js
cross-origin-resource-policy: cross-origin
cross-origin-opener-policy-report-only: same-origin; report-to="firebase-js"
report-to: {"group":"firebase-js","max_age":2592000,"endpoints":[{"url":"https://csp.withgoogle.com/csp/report-to/firebase-js"}]}
date: Mon, 04 Oct 2021 06:04:39 GMT
expires: Tue, 04 Oct 2022 06:04:39 GMT
cache-control: public, max-age=31536000
last-modified: Thu, 24 Oct 2019 23:39:41 GMT
x-content-type-options: nosniff
server: sffe
x-xss-protection: 0
alt-svc: h3=":443"; ma=2592000,h3-29=":443"; ma=2592000,h3-T051=":443"; ma=2592000,h3-Q050=":443"; ma=2592000,h3-Q046=":443"; ma=2592000,h3-Q043=":443"; ma=2592000,quic=":443"; ma=2592000; v="46,43"

https://www.gstatic.com/firebasejs/7.18.11/firebase-auth.js
HTTP/2 200 
accept-ranges: bytes
vary: Accept-Encoding
content-type: text/javascript; charset=UTF-8
content-length: 163454
access-control-allow-origin: *
content-security-policy-report-only: require-trusted-types-for 'script'; report-uri https://csp.withgoogle.com/csp/firebase-js
cross-origin-resource-policy: cross-origin
cross-origin-opener-policy-report-only: same-origin; report-to="firebase-js"
report-to: {"group":"firebase-js","max_age":2592000,"endpoints":[{"url":"https://csp.withgoogle.com/csp/report-to/firebase-js"}]}
date: Mon, 04 Oct 2021 06:04:39 GMT
expires: Tue, 04 Oct 2022 06:04:39 GMT
cache-control: public, max-age=31536000
last-modified: Thu, 10 Oct 2019 18:58:32 GMT
x-content-type-options: nosniff
server: sffe
x-xss-protection: 0
alt-svc: h3=":443"; ma=2592000,h3-29=":443"; ma=2592000,h3-T051=":443"; ma=2592000,h3-Q050=":443"; ma=2592000,h3-Q046=":443"; ma=2592000,h3-Q043=":443"; ma=2592000,quic=":443"; ma=2592000; v="46,43"

HTTP/2 404 
access-control-allow-origin: *
x-content-type-options: nosniff
date: Mon, 04 Oct 2021 06:04:39 GMT
content-type: text/html; charset=UTF-8
server: sffe
content-length: 1595
x-xss-protection: 0
alt-svc: h3=":443"; ma=2592000,h3-29=":443"; ma=2592000,h3-T051=":443"; ma=2592000,h3-Q050=":443"; ma=2592000,h3-Q046=":443"; ma=2592000,h3-Q043=":443"; ma=2592000,quic=":443"; ma=2592000; v="46,43"

HTTP/2 404 
access-control-allow-origin: *
x-content-type-options: nosniff
date: Mon, 04 Oct 2021 06:04:39 GMT
content-type: text/html; charset=UTF-8
server: sffe
content-length: 1594
x-xss-protection: 0
alt-svc: h3=":443"; ma=2592000,h3-29=":443"; ma=2592000,h3-T051=":443"; ma=2592000,h3-Q050=":443"; ma=2592000,h3-Q046=":443"; ma=2592000,h3-Q043=":443"; ma=2592000,quic=":443"; ma=2592000; v="46,43"

HTTP/2 404 
access-control-allow-origin: *
x-content-type-options: nosniff
date: Mon, 04 Oct 2021 06:04:39 GMT
content-type: text/html; charset=UTF-8
server: sffe
content-length: 1595
x-xss-protection: 0
alt-svc: h3=":443"; ma=2592000,h3-29=":443"; ma=2592000,h3-T051=":443"; ma=2592000,h3-Q050=":443"; ma=2592000,h3-Q046=":443"; ma=2592000,h3-Q043=":443"; ma=2592000,quic=":443"; ma=2592000; v="46,43"

HTTP/2 404 
access-control-allow-origin: *
x-content-type-options: nosniff
date: Mon, 04 Oct 2021 06:04:39 GMT
content-type: text/html; charset=UTF-8
server: sffe
content-length: 1594
x-xss-protection: 0
alt-svc: h3=":443"; ma=2592000,h3-29=":443"; ma=2592000,h3-T051=":443"; ma=2592000,h3-Q050=":443"; ma=2592000,h3-Q046=":443"; ma=2592000,h3-Q043=":443"; ma=2592000,quic=":443"; ma=2592000; v="46,43"

HTTP/2 200 
accept-ranges: bytes
vary: Accept-Encoding
content-type: text/javascript; charset=UTF-8
content-length: 163643
access-control-allow-origin: *
content-security-policy-report-only: require-trusted-types-for 'script'; report-uri https://csp.withgoogle.com/csp/firebase-js
cross-origin-resource-policy: cross-origin
cross-origin-opener-policy-report-only: same-origin; report-to="firebase-js"
report-to: {"group":"firebase-js","max_age":2592000,"endpoints":[{"url":"https://csp.withgoogle.com/csp/report-to/firebase-js"}]}
date: Mon, 04 Oct 2021 06:04:39 GMT
expires: Tue, 04 Oct 2022 06:04:39 GMT
cache-control: public, max-age=31536000
last-modified: Thu, 14 Nov 2019 21:49:23 GMT
x-content-type-options: nosniff
server: sffe
x-xss-protection: 0
alt-svc: h3=":443"; ma=2592000,h3-29=":443"; ma=2592000,h3-T051=":443"; ma=2592000,h3-Q050=":443"; ma=2592000,h3-Q046=":443"; ma=2592000,h3-Q043=":443"; ma=2592000,quic=":443"; ma=2592000; v="46,43"

https://www.gstatic.com/firebasejs/7.18.12/firebase-auth.js
https://www.gstatic.com/firebasejs/7.18.13/firebase-auth.js
https://www.gstatic.com/firebasejs/7.18.14/firebase-auth.js
https://www.gstatic.com/firebasejs/7.18.15/firebase-auth.js
HTTP/2 404 
access-control-allow-origin: *
x-content-type-options: nosniff
date: Mon, 04 Oct 2021 06:04:39 GMT
content-type: text/html; charset=UTF-8
server: sffe
content-length: 1595
x-xss-protection: 0
alt-svc: h3=":443"; ma=2592000,h3-29=":443"; ma=2592000,h3-T051=":443"; ma=2592000,h3-Q050=":443"; ma=2592000,h3-Q046=":443"; ma=2592000,h3-Q043=":443"; ma=2592000,quic=":443"; ma=2592000; v="46,43"

HTTP/2 404 
access-control-allow-origin: *
x-content-type-options: nosniff
date: Mon, 04 Oct 2021 06:04:39 GMT
content-type: text/html; charset=UTF-8
server: sffe
content-length: 1595
x-xss-protection: 0
alt-svc: h3=":443"; ma=2592000,h3-29=":443"; ma=2592000,h3-T051=":443"; ma=2592000,h3-Q050=":443"; ma=2592000,h3-Q046=":443"; ma=2592000,h3-Q043=":443"; ma=2592000,quic=":443"; ma=2592000; v="46,43"

HTTP/2 404 
access-control-allow-origin: *
x-content-type-options: nosniff
date: Mon, 04 Oct 2021 06:04:39 GMT
content-type: text/html; charset=UTF-8
server: sffe
content-length: 1595
x-xss-protection: 0
alt-svc: h3=":443"; ma=2592000,h3-29=":443"; ma=2592000,h3-T051=":443"; ma=2592000,h3-Q050=":443"; ma=2592000,h3-Q046=":443"; ma=2592000,h3-Q043=":443"; ma=2592000,quic=":443"; ma=2592000; v="46,43"

HTTP/2 404 
access-control-allow-origin: *
x-content-type-options: nosniff
date: Mon, 04 Oct 2021 06:04:39 GMT
content-type: text/html; charset=UTF-8
server: sffe
content-length: 1594
x-xss-protection: 0
alt-svc: h3=":443"; ma=2592000,h3-29=":443"; ma=2592000,h3-T051=":443"; ma=2592000,h3-Q050=":443"; ma=2592000,h3-Q046=":443"; ma=2592000,h3-Q043=":443"; ma=2592000,quic=":443"; ma=2592000; v="46,43"

HTTP/2 404 
access-control-allow-origin: *
x-content-type-options: nosniff
date: Mon, 04 Oct 2021 06:04:39 GMT
content-type: text/html; charset=UTF-8
server: sffe
content-length: 1595
x-xss-protection: 0
alt-svc: h3=":443"; ma=2592000,h3-29=":443"; ma=2592000,h3-T051=":443"; ma=2592000,h3-Q050=":443"; ma=2592000,h3-Q046=":443"; ma=2592000,h3-Q043=":443"; ma=2592000,quic=":443"; ma=2592000; v="46,43"

HTTP/2 404 
access-control-allow-origin: *
x-content-type-options: nosniff
date: Mon, 04 Oct 2021 06:04:39 GMT
content-type: text/html; charset=UTF-8
server: sffe
content-length: 1595
x-xss-protection: 0
alt-svc: h3=":443"; ma=2592000,h3-29=":443"; ma=2592000,h3-T051=":443"; ma=2592000,h3-Q050=":443"; ma=2592000,h3-Q046=":443"; ma=2592000,h3-Q043=":443"; ma=2592000,quic=":443"; ma=2592000; v="46,43"

HTTP/2 200 
accept-ranges: bytes
vary: Accept-Encoding
content-type: text/javascript; charset=UTF-8
content-length: 163454
access-control-allow-origin: *
content-security-policy-report-only: require-trusted-types-for 'script'; report-uri https://csp.withgoogle.com/csp/firebase-js
cross-origin-resource-policy: cross-origin
cross-origin-opener-policy-report-only: same-origin; report-to="firebase-js"
report-to: {"group":"firebase-js","max_age":2592000,"endpoints":[{"url":"https://csp.withgoogle.com/csp/report-to/firebase-js"}]}
date: Mon, 04 Oct 2021 06:04:39 GMT
expires: Tue, 04 Oct 2022 06:04:39 GMT
cache-control: public, max-age=31536000
last-modified: Wed, 25 Sep 2019 21:08:26 GMT
x-content-type-options: nosniff
server: sffe
x-xss-protection: 0
alt-svc: h3=":443"; ma=2592000,h3-29=":443"; ma=2592000,h3-T051=":443"; ma=2592000,h3-Q050=":443"; ma=2592000,h3-Q046=":443"; ma=2592000,h3-Q043=":443"; ma=2592000,quic=":443"; ma=2592000; v="46,43"

HTTP/2 404 
access-control-allow-origin: *
x-content-type-options: nosniff
date: Mon, 04 Oct 2021 06:04:39 GMT
content-type: text/html; charset=UTF-8
server: sffe
content-length: 1594
x-xss-protection: 0
alt-svc: h3=":443"; ma=2592000,h3-29=":443"; ma=2592000,h3-T051=":443"; ma=2592000,h3-Q050=":443"; ma=2592000,h3-Q046=":443"; ma=2592000,h3-Q043=":443"; ma=2592000,quic=":443"; ma=2592000; v="46,43"

HTTP/2 404 
access-control-allow-origin: *
x-content-type-options: nosniff
date: Mon, 04 Oct 2021 06:04:39 GMT
content-type: text/html; charset=UTF-8
server: sffe
content-length: 1594
x-xss-protection: 0
alt-svc: h3=":443"; ma=2592000,h3-29=":443"; ma=2592000,h3-T051=":443"; ma=2592000,h3-Q050=":443"; ma=2592000,h3-Q046=":443"; ma=2592000,h3-Q043=":443"; ma=2592000,quic=":443"; ma=2592000; v="46,43"

HTTP/2 404 
access-control-allow-origin: *
x-content-type-options: nosniff
date: Mon, 04 Oct 2021 06:04:39 GMT
content-type: text/html; charset=UTF-8
server: sffe
content-length: 1595
x-xss-protection: 0
alt-svc: h3=":443"; ma=2592000,h3-29=":443"; ma=2592000,h3-T051=":443"; ma=2592000,h3-Q050=":443"; ma=2592000,h3-Q046=":443"; ma=2592000,h3-Q043=":443"; ma=2592000,quic=":443"; ma=2592000; v="46,43"

https://www.gstatic.com/firebasejs/7.18.16/firebase-auth.js
HTTP/2 404 
access-control-allow-origin: *
x-content-type-options: nosniff
date: Mon, 04 Oct 2021 06:04:39 GMT
content-type: text/html; charset=UTF-8
server: sffe
content-length: 1595
x-xss-protection: 0
alt-svc: h3=":443"; ma=2592000,h3-29=":443"; ma=2592000,h3-T051=":443"; ma=2592000,h3-Q050=":443"; ma=2592000,h3-Q046=":443"; ma=2592000,h3-Q043=":443"; ma=2592000,quic=":443"; ma=2592000; v="46,43"

HTTP/2 404 
access-control-allow-origin: *
x-content-type-options: nosniff
date: Mon, 04 Oct 2021 06:04:39 GMT
content-type: text/html; charset=UTF-8
server: sffe
content-length: 1595
x-xss-protection: 0
alt-svc: h3=":443"; ma=2592000,h3-29=":443"; ma=2592000,h3-T051=":443"; ma=2592000,h3-Q050=":443"; ma=2592000,h3-Q046=":443"; ma=2592000,h3-Q043=":443"; ma=2592000,quic=":443"; ma=2592000; v="46,43"

HTTP/2 200 
accept-ranges: bytes
vary: Accept-Encoding
content-type: text/javascript; charset=UTF-8
content-length: 163933
access-control-allow-origin: *
content-security-policy-report-only: require-trusted-types-for 'script'; report-uri https://csp.withgoogle.com/csp/firebase-js
cross-origin-resource-policy: cross-origin
cross-origin-opener-policy-report-only: same-origin; report-to="firebase-js"
report-to: {"group":"firebase-js","max_age":2592000,"endpoints":[{"url":"https://csp.withgoogle.com/csp/report-to/firebase-js"}]}
date: Mon, 04 Oct 2021 06:04:39 GMT
expires: Tue, 04 Oct 2022 06:04:39 GMT
cache-control: public, max-age=31536000
last-modified: Fri, 06 Dec 2019 21:21:46 GMT
x-content-type-options: nosniff
server: sffe
x-xss-protection: 0
alt-svc: h3=":443"; ma=2592000,h3-29=":443"; ma=2592000,h3-T051=":443"; ma=2592000,h3-Q050=":443"; ma=2592000,h3-Q046=":443"; ma=2592000,h3-Q043=":443"; ma=2592000,quic=":443"; ma=2592000; v="46,43"

HTTP/2 200 
accept-ranges: bytes
vary: Accept-Encoding
content-type: text/javascript; charset=UTF-8
content-length: 163643
access-control-allow-origin: *
content-security-policy-report-only: require-trusted-types-for 'script'; report-uri https://csp.withgoogle.com/csp/firebase-js
cross-origin-resource-policy: cross-origin
cross-origin-opener-policy-report-only: same-origin; report-to="firebase-js"
report-to: {"group":"firebase-js","max_age":2592000,"endpoints":[{"url":"https://csp.withgoogle.com/csp/report-to/firebase-js"}]}
date: Mon, 04 Oct 2021 06:04:39 GMT
expires: Tue, 04 Oct 2022 06:04:39 GMT
cache-control: public, max-age=31536000
last-modified: Thu, 21 Nov 2019 23:18:42 GMT
x-content-type-options: nosniff
server: sffe
x-xss-protection: 0
alt-svc: h3=":443"; ma=2592000,h3-29=":443"; ma=2592000,h3-T051=":443"; ma=2592000,h3-Q050=":443"; ma=2592000,h3-Q046=":443"; ma=2592000,h3-Q043=":443"; ma=2592000,quic=":443"; ma=2592000; v="46,43"

https://www.gstatic.com/firebasejs/7.18.17/firebase-auth.js
HTTP/2 404 
access-control-allow-origin: *
x-content-type-options: nosniff
date: Mon, 04 Oct 2021 06:04:39 GMT
content-type: text/html; charset=UTF-8
server: sffe
content-length: 1595
x-xss-protection: 0
alt-svc: h3=":443"; ma=2592000,h3-29=":443"; ma=2592000,h3-T051=":443"; ma=2592000,h3-Q050=":443"; ma=2592000,h3-Q046=":443"; ma=2592000,h3-Q043=":443"; ma=2592000,quic=":443"; ma=2592000; v="46,43"

HTTP/2 404 
access-control-allow-origin: *
x-content-type-options: nosniff
date: Mon, 04 Oct 2021 06:04:39 GMT
content-type: text/html; charset=UTF-8
server: sffe
content-length: 1595
x-xss-protection: 0
alt-svc: h3=":443"; ma=2592000,h3-29=":443"; ma=2592000,h3-T051=":443"; ma=2592000,h3-Q050=":443"; ma=2592000,h3-Q046=":443"; ma=2592000,h3-Q043=":443"; ma=2592000,quic=":443"; ma=2592000; v="46,43"

https://www.gstatic.com/firebasejs/7.18.18/firebase-auth.js
HTTP/2 404 
access-control-allow-origin: *
x-content-type-options: nosniff
date: Mon, 04 Oct 2021 06:04:39 GMT
content-type: text/html; charset=UTF-8
server: sffe
content-length: 1595
x-xss-protection: 0
alt-svc: h3=":443"; ma=2592000,h3-29=":443"; ma=2592000,h3-T051=":443"; ma=2592000,h3-Q050=":443"; ma=2592000,h3-Q046=":443"; ma=2592000,h3-Q043=":443"; ma=2592000,quic=":443"; ma=2592000; v="46,43"

HTTP/2 404 
access-control-allow-origin: *
x-content-type-options: nosniff
date: Mon, 04 Oct 2021 06:04:39 GMT
content-type: text/html; charset=UTF-8
server: sffe
content-length: 1595
x-xss-protection: 0
alt-svc: h3=":443"; ma=2592000,h3-29=":443"; ma=2592000,h3-T051=":443"; ma=2592000,h3-Q050=":443"; ma=2592000,h3-Q046=":443"; ma=2592000,h3-Q043=":443"; ma=2592000,quic=":443"; ma=2592000; v="46,43"

HTTP/2 404 
access-control-allow-origin: *
x-content-type-options: nosniff
date: Mon, 04 Oct 2021 06:04:39 GMT
content-type: text/html; charset=UTF-8
server: sffe
content-length: 1594
x-xss-protection: 0
alt-svc: h3=":443"; ma=2592000,h3-29=":443"; ma=2592000,h3-T051=":443"; ma=2592000,h3-Q050=":443"; ma=2592000,h3-Q046=":443"; ma=2592000,h3-Q043=":443"; ma=2592000,quic=":443"; ma=2592000; v="46,43"

HTTP/2 404 
access-control-allow-origin: *
x-content-type-options: nosniff
date: Mon, 04 Oct 2021 06:04:39 GMT
content-type: text/html; charset=UTF-8
server: sffe
content-length: 1594
x-xss-protection: 0
alt-svc: h3=":443"; ma=2592000,h3-29=":443"; ma=2592000,h3-T051=":443"; ma=2592000,h3-Q050=":443"; ma=2592000,h3-Q046=":443"; ma=2592000,h3-Q043=":443"; ma=2592000,quic=":443"; ma=2592000; v="46,43"

HTTP/2 404 
access-control-allow-origin: *
x-content-type-options: nosniff
date: Mon, 04 Oct 2021 06:04:39 GMT
content-type: text/html; charset=UTF-8
server: sffe
content-length: 1595
x-xss-protection: 0
alt-svc: h3=":443"; ma=2592000,h3-29=":443"; ma=2592000,h3-T051=":443"; ma=2592000,h3-Q050=":443"; ma=2592000,h3-Q046=":443"; ma=2592000,h3-Q043=":443"; ma=2592000,quic=":443"; ma=2592000; v="46,43"

HTTP/2 404 
access-control-allow-origin: *
x-content-type-options: nosniff
date: Mon, 04 Oct 2021 06:04:39 GMT
content-type: text/html; charset=UTF-8
server: sffe
content-length: 1594
x-xss-protection: 0
alt-svc: h3=":443"; ma=2592000,h3-29=":443"; ma=2592000,h3-T051=":443"; ma=2592000,h3-Q050=":443"; ma=2592000,h3-Q046=":443"; ma=2592000,h3-Q043=":443"; ma=2592000,quic=":443"; ma=2592000; v="46,43"

HTTP/2 404 
access-control-allow-origin: *
x-content-type-options: nosniff
date: Mon, 04 Oct 2021 06:04:39 GMT
content-type: text/html; charset=UTF-8
server: sffe
content-length: 1595
x-xss-protection: 0
alt-svc: h3=":443"; ma=2592000,h3-29=":443"; ma=2592000,h3-T051=":443"; ma=2592000,h3-Q050=":443"; ma=2592000,h3-Q046=":443"; ma=2592000,h3-Q043=":443"; ma=2592000,quic=":443"; ma=2592000; v="46,43"

HTTP/2 200 
accept-ranges: bytes
vary: Accept-Encoding
content-type: text/javascript; charset=UTF-8
content-length: 163933
access-control-allow-origin: *
content-security-policy-report-only: require-trusted-types-for 'script'; report-uri https://csp.withgoogle.com/csp/firebase-js
cross-origin-resource-policy: cross-origin
cross-origin-opener-policy-report-only: same-origin; report-to="firebase-js"
report-to: {"group":"firebase-js","max_age":2592000,"endpoints":[{"url":"https://csp.withgoogle.com/csp/report-to/firebase-js"}]}
date: Mon, 04 Oct 2021 06:04:39 GMT
expires: Tue, 04 Oct 2022 06:04:39 GMT
cache-control: public, max-age=31536000
last-modified: Fri, 06 Dec 2019 01:03:05 GMT
x-content-type-options: nosniff
server: sffe
x-xss-protection: 0
alt-svc: h3=":443"; ma=2592000,h3-29=":443"; ma=2592000,h3-T051=":443"; ma=2592000,h3-Q050=":443"; ma=2592000,h3-Q046=":443"; ma=2592000,h3-Q043=":443"; ma=2592000,quic=":443"; ma=2592000; v="46,43"

HTTP/2 200 
accept-ranges: bytes
vary: Accept-Encoding
content-type: text/javascript; charset=UTF-8
content-length: 163979
access-control-allow-origin: *
content-security-policy-report-only: require-trusted-types-for 'script'; report-uri https://csp.withgoogle.com/csp/firebase-js
cross-origin-resource-policy: cross-origin
cross-origin-opener-policy-report-only: same-origin; report-to="firebase-js"
report-to: {"group":"firebase-js","max_age":2592000,"endpoints":[{"url":"https://csp.withgoogle.com/csp/report-to/firebase-js"}]}
date: Mon, 04 Oct 2021 06:04:39 GMT
expires: Tue, 04 Oct 2022 06:04:39 GMT
cache-control: public, max-age=31536000
last-modified: Thu, 09 Jan 2020 22:06:37 GMT
x-content-type-options: nosniff
server: sffe
x-xss-protection: 0
alt-svc: h3=":443"; ma=2592000,h3-29=":443"; ma=2592000,h3-T051=":443"; ma=2592000,h3-Q050=":443"; ma=2592000,h3-Q046=":443"; ma=2592000,h3-Q043=":443"; ma=2592000,quic=":443"; ma=2592000; v="46,43"

HTTP/2 200 
accept-ranges: bytes
vary: Accept-Encoding
content-type: text/javascript; charset=UTF-8
content-length: 163979
access-control-allow-origin: *
content-security-policy-report-only: require-trusted-types-for 'script'; report-uri https://csp.withgoogle.com/csp/firebase-js
cross-origin-resource-policy: cross-origin
cross-origin-opener-policy-report-only: same-origin; report-to="firebase-js"
report-to: {"group":"firebase-js","max_age":2592000,"endpoints":[{"url":"https://csp.withgoogle.com/csp/report-to/firebase-js"}]}
date: Mon, 04 Oct 2021 06:04:39 GMT
expires: Tue, 04 Oct 2022 06:04:39 GMT
cache-control: public, max-age=31536000
last-modified: Wed, 18 Dec 2019 23:15:52 GMT
x-content-type-options: nosniff
server: sffe
x-xss-protection: 0
alt-svc: h3=":443"; ma=2592000,h3-29=":443"; ma=2592000,h3-T051=":443"; ma=2592000,h3-Q050=":443"; ma=2592000,h3-Q046=":443"; ma=2592000,h3-Q043=":443"; ma=2592000,quic=":443"; ma=2592000; v="46,43"

HTTP/2 404 
access-control-allow-origin: *
x-content-type-options: nosniff
date: Mon, 04 Oct 2021 06:04:39 GMT
content-type: text/html; charset=UTF-8
server: sffe
content-length: 1595
x-xss-protection: 0
alt-svc: h3=":443"; ma=2592000,h3-29=":443"; ma=2592000,h3-T051=":443"; ma=2592000,h3-Q050=":443"; ma=2592000,h3-Q046=":443"; ma=2592000,h3-Q043=":443"; ma=2592000,quic=":443"; ma=2592000; v="46,43"

HTTP/2 404 
access-control-allow-origin: *
x-content-type-options: nosniff
date: Mon, 04 Oct 2021 06:04:39 GMT
content-type: text/html; charset=UTF-8
server: sffe
content-length: 1594
x-xss-protection: 0
alt-svc: h3=":443"; ma=2592000,h3-29=":443"; ma=2592000,h3-T051=":443"; ma=2592000,h3-Q050=":443"; ma=2592000,h3-Q046=":443"; ma=2592000,h3-Q043=":443"; ma=2592000,quic=":443"; ma=2592000; v="46,43"

HTTP/2 404 
access-control-allow-origin: *
x-content-type-options: nosniff
date: Mon, 04 Oct 2021 06:04:39 GMT
content-type: text/html; charset=UTF-8
server: sffe
content-length: 1595
x-xss-protection: 0
alt-svc: h3=":443"; ma=2592000,h3-29=":443"; ma=2592000,h3-T051=":443"; ma=2592000,h3-Q050=":443"; ma=2592000,h3-Q046=":443"; ma=2592000,h3-Q043=":443"; ma=2592000,quic=":443"; ma=2592000; v="46,43"

HTTP/2 404 
access-control-allow-origin: *
x-content-type-options: nosniff
date: Mon, 04 Oct 2021 06:04:39 GMT
content-type: text/html; charset=UTF-8
server: sffe
content-length: 1594
x-xss-protection: 0
alt-svc: h3=":443"; ma=2592000,h3-29=":443"; ma=2592000,h3-T051=":443"; ma=2592000,h3-Q050=":443"; ma=2592000,h3-Q046=":443"; ma=2592000,h3-Q043=":443"; ma=2592000,quic=":443"; ma=2592000; v="46,43"

HTTP/2 200 
accept-ranges: bytes
vary: Accept-Encoding
content-type: text/javascript; charset=UTF-8
content-length: 163979
access-control-allow-origin: *
content-security-policy-report-only: require-trusted-types-for 'script'; report-uri https://csp.withgoogle.com/csp/firebase-js
cross-origin-resource-policy: cross-origin
cross-origin-opener-policy-report-only: same-origin; report-to="firebase-js"
report-to: {"group":"firebase-js","max_age":2592000,"endpoints":[{"url":"https://csp.withgoogle.com/csp/report-to/firebase-js"}]}
date: Mon, 04 Oct 2021 06:04:39 GMT
expires: Tue, 04 Oct 2022 06:04:39 GMT
cache-control: public, max-age=31536000
last-modified: Thu, 12 Dec 2019 21:42:54 GMT
x-content-type-options: nosniff
server: sffe
x-xss-protection: 0
alt-svc: h3=":443"; ma=2592000,h3-29=":443"; ma=2592000,h3-T051=":443"; ma=2592000,h3-Q050=":443"; ma=2592000,h3-Q046=":443"; ma=2592000,h3-Q043=":443"; ma=2592000,quic=":443"; ma=2592000; v="46,43"

HTTP/2 404 
access-control-allow-origin: *
x-content-type-options: nosniff
date: Mon, 04 Oct 2021 06:04:39 GMT
content-type: text/html; charset=UTF-8
server: sffe
content-length: 1594
x-xss-protection: 0
alt-svc: h3=":443"; ma=2592000,h3-29=":443"; ma=2592000,h3-T051=":443"; ma=2592000,h3-Q050=":443"; ma=2592000,h3-Q046=":443"; ma=2592000,h3-Q043=":443"; ma=2592000,quic=":443"; ma=2592000; v="46,43"

https://www.gstatic.com/firebasejs/7.18.19/firebase-auth.js
https://www.gstatic.com/firebasejs/7.18.20/firebase-auth.js
https://www.gstatic.com/firebasejs/7.19.0/firebase-auth.js
HTTP/2 404 
access-control-allow-origin: *
x-content-type-options: nosniff
date: Mon, 04 Oct 2021 06:04:39 GMT
content-type: text/html; charset=UTF-8
server: sffe
content-length: 1595
x-xss-protection: 0
alt-svc: h3=":443"; ma=2592000,h3-29=":443"; ma=2592000,h3-T051=":443"; ma=2592000,h3-Q050=":443"; ma=2592000,h3-Q046=":443"; ma=2592000,h3-Q043=":443"; ma=2592000,quic=":443"; ma=2592000; v="46,43"

HTTP/2 200 
accept-ranges: bytes
vary: Accept-Encoding
content-type: text/javascript; charset=UTF-8
content-length: 163982
access-control-allow-origin: *
content-security-policy-report-only: require-trusted-types-for 'script'; report-uri https://csp.withgoogle.com/csp/firebase-js
cross-origin-resource-policy: cross-origin
cross-origin-opener-policy-report-only: same-origin; report-to="firebase-js"
report-to: {"group":"firebase-js","max_age":2592000,"endpoints":[{"url":"https://csp.withgoogle.com/csp/report-to/firebase-js"}]}
date: Mon, 04 Oct 2021 06:04:39 GMT
expires: Tue, 04 Oct 2022 06:04:39 GMT
cache-control: public, max-age=31536000
last-modified: Thu, 16 Jan 2020 22:40:17 GMT
x-content-type-options: nosniff
server: sffe
x-xss-protection: 0
alt-svc: h3=":443"; ma=2592000,h3-29=":443"; ma=2592000,h3-T051=":443"; ma=2592000,h3-Q050=":443"; ma=2592000,h3-Q046=":443"; ma=2592000,h3-Q043=":443"; ma=2592000,quic=":443"; ma=2592000; v="46,43"

HTTP/2 404 
access-control-allow-origin: *
x-content-type-options: nosniff
date: Mon, 04 Oct 2021 06:04:39 GMT
content-type: text/html; charset=UTF-8
server: sffe
content-length: 1594
x-xss-protection: 0
alt-svc: h3=":443"; ma=2592000,h3-29=":443"; ma=2592000,h3-T051=":443"; ma=2592000,h3-Q050=":443"; ma=2592000,h3-Q046=":443"; ma=2592000,h3-Q043=":443"; ma=2592000,quic=":443"; ma=2592000; v="46,43"

HTTP/2 404 
access-control-allow-origin: *
x-content-type-options: nosniff
date: Mon, 04 Oct 2021 06:04:39 GMT
content-type: text/html; charset=UTF-8
server: sffe
content-length: 1594
x-xss-protection: 0
alt-svc: h3=":443"; ma=2592000,h3-29=":443"; ma=2592000,h3-T051=":443"; ma=2592000,h3-Q050=":443"; ma=2592000,h3-Q046=":443"; ma=2592000,h3-Q043=":443"; ma=2592000,quic=":443"; ma=2592000; v="46,43"

HTTP/2 404 
access-control-allow-origin: *
x-content-type-options: nosniff
date: Mon, 04 Oct 2021 06:04:39 GMT
content-type: text/html; charset=UTF-8
server: sffe
content-length: 1594
x-xss-protection: 0
alt-svc: h3=":443"; ma=2592000,h3-29=":443"; ma=2592000,h3-T051=":443"; ma=2592000,h3-Q050=":443"; ma=2592000,h3-Q046=":443"; ma=2592000,h3-Q043=":443"; ma=2592000,quic=":443"; ma=2592000; v="46,43"

HTTP/2 404 
access-control-allow-origin: *
x-content-type-options: nosniff
date: Mon, 04 Oct 2021 06:04:39 GMT
content-type: text/html; charset=UTF-8
server: sffe
content-length: 1595
x-xss-protection: 0
alt-svc: h3=":443"; ma=2592000,h3-29=":443"; ma=2592000,h3-T051=":443"; ma=2592000,h3-Q050=":443"; ma=2592000,h3-Q046=":443"; ma=2592000,h3-Q043=":443"; ma=2592000,quic=":443"; ma=2592000; v="46,43"

HTTP/2 404 
access-control-allow-origin: *
x-content-type-options: nosniff
date: Mon, 04 Oct 2021 06:04:39 GMT
content-type: text/html; charset=UTF-8
server: sffe
content-length: 1594
x-xss-protection: 0
alt-svc: h3=":443"; ma=2592000,h3-29=":443"; ma=2592000,h3-T051=":443"; ma=2592000,h3-Q050=":443"; ma=2592000,h3-Q046=":443"; ma=2592000,h3-Q043=":443"; ma=2592000,quic=":443"; ma=2592000; v="46,43"

HTTP/2 404 
access-control-allow-origin: *
x-content-type-options: nosniff
date: Mon, 04 Oct 2021 06:04:39 GMT
content-type: text/html; charset=UTF-8
server: sffe
content-length: 1594
x-xss-protection: 0
alt-svc: h3=":443"; ma=2592000,h3-29=":443"; ma=2592000,h3-T051=":443"; ma=2592000,h3-Q050=":443"; ma=2592000,h3-Q046=":443"; ma=2592000,h3-Q043=":443"; ma=2592000,quic=":443"; ma=2592000; v="46,43"

HTTP/2 404 
access-control-allow-origin: *
x-content-type-options: nosniff
date: Mon, 04 Oct 2021 06:04:39 GMT
content-type: text/html; charset=UTF-8
server: sffe
content-length: 1595
x-xss-protection: 0
alt-svc: h3=":443"; ma=2592000,h3-29=":443"; ma=2592000,h3-T051=":443"; ma=2592000,h3-Q050=":443"; ma=2592000,h3-Q046=":443"; ma=2592000,h3-Q043=":443"; ma=2592000,quic=":443"; ma=2592000; v="46,43"

HTTP/2 404 
access-control-allow-origin: *
x-content-type-options: nosniff
date: Mon, 04 Oct 2021 06:04:39 GMT
content-type: text/html; charset=UTF-8
server: sffe
content-length: 1595
x-xss-protection: 0
alt-svc: h3=":443"; ma=2592000,h3-29=":443"; ma=2592000,h3-T051=":443"; ma=2592000,h3-Q050=":443"; ma=2592000,h3-Q046=":443"; ma=2592000,h3-Q043=":443"; ma=2592000,quic=":443"; ma=2592000; v="46,43"

HTTP/2 404 
access-control-allow-origin: *
x-content-type-options: nosniff
date: Mon, 04 Oct 2021 06:04:39 GMT
content-type: text/html; charset=UTF-8
server: sffe
content-length: 1594
x-xss-protection: 0
alt-svc: h3=":443"; ma=2592000,h3-29=":443"; ma=2592000,h3-T051=":443"; ma=2592000,h3-Q050=":443"; ma=2592000,h3-Q046=":443"; ma=2592000,h3-Q043=":443"; ma=2592000,quic=":443"; ma=2592000; v="46,43"

https://www.gstatic.com/firebasejs/7.19.1/firebase-auth.js
HTTP/2 404 
access-control-allow-origin: *
x-content-type-options: nosniff
date: Mon, 04 Oct 2021 06:04:39 GMT
content-type: text/html; charset=UTF-8
server: sffe
content-length: 1595
x-xss-protection: 0
alt-svc: h3=":443"; ma=2592000,h3-29=":443"; ma=2592000,h3-T051=":443"; ma=2592000,h3-Q050=":443"; ma=2592000,h3-Q046=":443"; ma=2592000,h3-Q043=":443"; ma=2592000,quic=":443"; ma=2592000; v="46,43"

https://www.gstatic.com/firebasejs/7.19.2/firebase-auth.js
https://www.gstatic.com/firebasejs/7.19.3/firebase-auth.js
HTTP/2 404 
access-control-allow-origin: *
x-content-type-options: nosniff
date: Mon, 04 Oct 2021 06:04:39 GMT
content-type: text/html; charset=UTF-8
server: sffe
content-length: 1595
x-xss-protection: 0
alt-svc: h3=":443"; ma=2592000,h3-29=":443"; ma=2592000,h3-T051=":443"; ma=2592000,h3-Q050=":443"; ma=2592000,h3-Q046=":443"; ma=2592000,h3-Q043=":443"; ma=2592000,quic=":443"; ma=2592000; v="46,43"

https://www.gstatic.com/firebasejs/7.19.4/firebase-auth.js
https://www.gstatic.com/firebasejs/7.19.5/firebase-auth.js
HTTP/2 404 
access-control-allow-origin: *
x-content-type-options: nosniff
date: Mon, 04 Oct 2021 06:04:39 GMT
content-type: text/html; charset=UTF-8
server: sffe
content-length: 1594
x-xss-protection: 0
alt-svc: h3=":443"; ma=2592000,h3-29=":443"; ma=2592000,h3-T051=":443"; ma=2592000,h3-Q050=":443"; ma=2592000,h3-Q046=":443"; ma=2592000,h3-Q043=":443"; ma=2592000,quic=":443"; ma=2592000; v="46,43"

HTTP/2 404 
access-control-allow-origin: *
x-content-type-options: nosniff
date: Mon, 04 Oct 2021 06:04:39 GMT
content-type: text/html; charset=UTF-8
server: sffe
content-length: 1594
x-xss-protection: 0
alt-svc: h3=":443"; ma=2592000,h3-29=":443"; ma=2592000,h3-T051=":443"; ma=2592000,h3-Q050=":443"; ma=2592000,h3-Q046=":443"; ma=2592000,h3-Q043=":443"; ma=2592000,quic=":443"; ma=2592000; v="46,43"

HTTP/2 404 
access-control-allow-origin: *
x-content-type-options: nosniff
date: Mon, 04 Oct 2021 06:04:39 GMT
content-type: text/html; charset=UTF-8
server: sffe
content-length: 1595
x-xss-protection: 0
alt-svc: h3=":443"; ma=2592000,h3-29=":443"; ma=2592000,h3-T051=":443"; ma=2592000,h3-Q050=":443"; ma=2592000,h3-Q046=":443"; ma=2592000,h3-Q043=":443"; ma=2592000,quic=":443"; ma=2592000; v="46,43"

HTTP/2 404 
access-control-allow-origin: *
x-content-type-options: nosniff
date: Mon, 04 Oct 2021 06:04:39 GMT
content-type: text/html; charset=UTF-8
server: sffe
content-length: 1594
x-xss-protection: 0
alt-svc: h3=":443"; ma=2592000,h3-29=":443"; ma=2592000,h3-T051=":443"; ma=2592000,h3-Q050=":443"; ma=2592000,h3-Q046=":443"; ma=2592000,h3-Q043=":443"; ma=2592000,quic=":443"; ma=2592000; v="46,43"

HTTP/2 404 
access-control-allow-origin: *
x-content-type-options: nosniff
date: Mon, 04 Oct 2021 06:04:39 GMT
content-type: text/html; charset=UTF-8
server: sffe
content-length: 1595
x-xss-protection: 0
alt-svc: h3=":443"; ma=2592000,h3-29=":443"; ma=2592000,h3-T051=":443"; ma=2592000,h3-Q050=":443"; ma=2592000,h3-Q046=":443"; ma=2592000,h3-Q043=":443"; ma=2592000,quic=":443"; ma=2592000; v="46,43"

HTTP/2 404 
access-control-allow-origin: *
x-content-type-options: nosniff
date: Mon, 04 Oct 2021 06:04:39 GMT
content-type: text/html; charset=UTF-8
server: sffe
content-length: 1595
x-xss-protection: 0
alt-svc: h3=":443"; ma=2592000,h3-29=":443"; ma=2592000,h3-T051=":443"; ma=2592000,h3-Q050=":443"; ma=2592000,h3-Q046=":443"; ma=2592000,h3-Q043=":443"; ma=2592000,quic=":443"; ma=2592000; v="46,43"

HTTP/2 200 
accept-ranges: bytes
vary: Accept-Encoding
content-type: text/javascript; charset=UTF-8
content-length: 163982
access-control-allow-origin: *
content-security-policy-report-only: require-trusted-types-for 'script'; report-uri https://csp.withgoogle.com/csp/firebase-js
cross-origin-resource-policy: cross-origin
cross-origin-opener-policy-report-only: same-origin; report-to="firebase-js"
report-to: {"group":"firebase-js","max_age":2592000,"endpoints":[{"url":"https://csp.withgoogle.com/csp/report-to/firebase-js"}]}
date: Mon, 04 Oct 2021 06:04:39 GMT
expires: Tue, 04 Oct 2022 06:04:39 GMT
cache-control: public, max-age=31536000
last-modified: Thu, 30 Jan 2020 20:59:32 GMT
x-content-type-options: nosniff
server: sffe
x-xss-protection: 0
alt-svc: h3=":443"; ma=2592000,h3-29=":443"; ma=2592000,h3-T051=":443"; ma=2592000,h3-Q050=":443"; ma=2592000,h3-Q046=":443"; ma=2592000,h3-Q043=":443"; ma=2592000,quic=":443"; ma=2592000; v="46,43"

HTTP/2 404 
access-control-allow-origin: *
x-content-type-options: nosniff
date: Mon, 04 Oct 2021 06:04:39 GMT
content-type: text/html; charset=UTF-8
server: sffe
content-length: 1594
x-xss-protection: 0
alt-svc: h3=":443"; ma=2592000,h3-29=":443"; ma=2592000,h3-T051=":443"; ma=2592000,h3-Q050=":443"; ma=2592000,h3-Q046=":443"; ma=2592000,h3-Q043=":443"; ma=2592000,quic=":443"; ma=2592000; v="46,43"

HTTP/2 200 
accept-ranges: bytes
vary: Accept-Encoding
content-type: text/javascript; charset=UTF-8
content-length: 163950
access-control-allow-origin: *
content-security-policy-report-only: require-trusted-types-for 'script'; report-uri https://csp.withgoogle.com/csp/firebase-js
cross-origin-resource-policy: cross-origin
cross-origin-opener-policy-report-only: same-origin; report-to="firebase-js"
report-to: {"group":"firebase-js","max_age":2592000,"endpoints":[{"url":"https://csp.withgoogle.com/csp/report-to/firebase-js"}]}
date: Mon, 04 Oct 2021 06:04:39 GMT
expires: Tue, 04 Oct 2022 06:04:39 GMT
cache-control: public, max-age=31536000
last-modified: Thu, 06 Feb 2020 23:18:23 GMT
x-content-type-options: nosniff
server: sffe
x-xss-protection: 0
alt-svc: h3=":443"; ma=2592000,h3-29=":443"; ma=2592000,h3-T051=":443"; ma=2592000,h3-Q050=":443"; ma=2592000,h3-Q046=":443"; ma=2592000,h3-Q043=":443"; ma=2592000,quic=":443"; ma=2592000; v="46,43"

HTTP/2 404 
access-control-allow-origin: *
x-content-type-options: nosniff
date: Mon, 04 Oct 2021 06:04:39 GMT
content-type: text/html; charset=UTF-8
server: sffe
content-length: 1595
x-xss-protection: 0
alt-svc: h3=":443"; ma=2592000,h3-29=":443"; ma=2592000,h3-T051=":443"; ma=2592000,h3-Q050=":443"; ma=2592000,h3-Q046=":443"; ma=2592000,h3-Q043=":443"; ma=2592000,quic=":443"; ma=2592000; v="46,43"

HTTP/2 404 
access-control-allow-origin: *
x-content-type-options: nosniff
date: Mon, 04 Oct 2021 06:04:39 GMT
content-type: text/html; charset=UTF-8
server: sffe
content-length: 1594
x-xss-protection: 0
alt-svc: h3=":443"; ma=2592000,h3-29=":443"; ma=2592000,h3-T051=":443"; ma=2592000,h3-Q050=":443"; ma=2592000,h3-Q046=":443"; ma=2592000,h3-Q043=":443"; ma=2592000,quic=":443"; ma=2592000; v="46,43"

HTTP/2 404 
access-control-allow-origin: *
x-content-type-options: nosniff
date: Mon, 04 Oct 2021 06:04:39 GMT
content-type: text/html; charset=UTF-8
server: sffe
content-length: 1595
x-xss-protection: 0
alt-svc: h3=":443"; ma=2592000,h3-29=":443"; ma=2592000,h3-T051=":443"; ma=2592000,h3-Q050=":443"; ma=2592000,h3-Q046=":443"; ma=2592000,h3-Q043=":443"; ma=2592000,quic=":443"; ma=2592000; v="46,43"

HTTP/2 404 
access-control-allow-origin: *
x-content-type-options: nosniff
date: Mon, 04 Oct 2021 06:04:39 GMT
content-type: text/html; charset=UTF-8
server: sffe
content-length: 1595
x-xss-protection: 0
alt-svc: h3=":443"; ma=2592000,h3-29=":443"; ma=2592000,h3-T051=":443"; ma=2592000,h3-Q050=":443"; ma=2592000,h3-Q046=":443"; ma=2592000,h3-Q043=":443"; ma=2592000,quic=":443"; ma=2592000; v="46,43"

HTTP/2 404 
access-control-allow-origin: *
x-content-type-options: nosniff
date: Mon, 04 Oct 2021 06:04:39 GMT
content-type: text/html; charset=UTF-8
server: sffe
content-length: 1595
x-xss-protection: 0
alt-svc: h3=":443"; ma=2592000,h3-29=":443"; ma=2592000,h3-T051=":443"; ma=2592000,h3-Q050=":443"; ma=2592000,h3-Q046=":443"; ma=2592000,h3-Q043=":443"; ma=2592000,quic=":443"; ma=2592000; v="46,43"

HTTP/2 404 
access-control-allow-origin: *
x-content-type-options: nosniff
date: Mon, 04 Oct 2021 06:04:39 GMT
content-type: text/html; charset=UTF-8
server: sffe
content-length: 1595
x-xss-protection: 0
alt-svc: h3=":443"; ma=2592000,h3-29=":443"; ma=2592000,h3-T051=":443"; ma=2592000,h3-Q050=":443"; ma=2592000,h3-Q046=":443"; ma=2592000,h3-Q043=":443"; ma=2592000,quic=":443"; ma=2592000; v="46,43"

HTTP/2 404 
access-control-allow-origin: *
x-content-type-options: nosniff
date: Mon, 04 Oct 2021 06:04:39 GMT
content-type: text/html; charset=UTF-8
server: sffe
content-length: 1595
x-xss-protection: 0
alt-svc: h3=":443"; ma=2592000,h3-29=":443"; ma=2592000,h3-T051=":443"; ma=2592000,h3-Q050=":443"; ma=2592000,h3-Q046=":443"; ma=2592000,h3-Q043=":443"; ma=2592000,quic=":443"; ma=2592000; v="46,43"

HTTP/2 404 
access-control-allow-origin: *
x-content-type-options: nosniff
date: Mon, 04 Oct 2021 06:04:39 GMT
content-type: text/html; charset=UTF-8
server: sffe
content-length: 1594
x-xss-protection: 0
alt-svc: h3=":443"; ma=2592000,h3-29=":443"; ma=2592000,h3-T051=":443"; ma=2592000,h3-Q050=":443"; ma=2592000,h3-Q046=":443"; ma=2592000,h3-Q043=":443"; ma=2592000,quic=":443"; ma=2592000; v="46,43"

HTTP/2 404 
access-control-allow-origin: *
x-content-type-options: nosniff
date: Mon, 04 Oct 2021 06:04:39 GMT
content-type: text/html; charset=UTF-8
server: sffe
content-length: 1595
x-xss-protection: 0
alt-svc: h3=":443"; ma=2592000,h3-29=":443"; ma=2592000,h3-T051=":443"; ma=2592000,h3-Q050=":443"; ma=2592000,h3-Q046=":443"; ma=2592000,h3-Q043=":443"; ma=2592000,quic=":443"; ma=2592000; v="46,43"

HTTP/2 404 
access-control-allow-origin: *
x-content-type-options: nosniff
date: Mon, 04 Oct 2021 06:04:39 GMT
content-type: text/html; charset=UTF-8
server: sffe
content-length: 1594
x-xss-protection: 0
alt-svc: h3=":443"; ma=2592000,h3-29=":443"; ma=2592000,h3-T051=":443"; ma=2592000,h3-Q050=":443"; ma=2592000,h3-Q046=":443"; ma=2592000,h3-Q043=":443"; ma=2592000,quic=":443"; ma=2592000; v="46,43"

https://www.gstatic.com/firebasejs/7.19.6/firebase-auth.js
HTTP/2 404 
access-control-allow-origin: *
x-content-type-options: nosniff
date: Mon, 04 Oct 2021 06:04:39 GMT
content-type: text/html; charset=UTF-8
server: sffe
content-length: 1595
x-xss-protection: 0
alt-svc: h3=":443"; ma=2592000,h3-29=":443"; ma=2592000,h3-T051=":443"; ma=2592000,h3-Q050=":443"; ma=2592000,h3-Q046=":443"; ma=2592000,h3-Q043=":443"; ma=2592000,quic=":443"; ma=2592000; v="46,43"

HTTP/2 404 
access-control-allow-origin: *
x-content-type-options: nosniff
date: Mon, 04 Oct 2021 06:04:39 GMT
content-type: text/html; charset=UTF-8
server: sffe
content-length: 1595
x-xss-protection: 0
alt-svc: h3=":443"; ma=2592000,h3-29=":443"; ma=2592000,h3-T051=":443"; ma=2592000,h3-Q050=":443"; ma=2592000,h3-Q046=":443"; ma=2592000,h3-Q043=":443"; ma=2592000,quic=":443"; ma=2592000; v="46,43"

HTTP/2 404 
access-control-allow-origin: *
x-content-type-options: nosniff
date: Mon, 04 Oct 2021 06:04:39 GMT
content-type: text/html; charset=UTF-8
server: sffe
content-length: 1595
x-xss-protection: 0
alt-svc: h3=":443"; ma=2592000,h3-29=":443"; ma=2592000,h3-T051=":443"; ma=2592000,h3-Q050=":443"; ma=2592000,h3-Q046=":443"; ma=2592000,h3-Q043=":443"; ma=2592000,quic=":443"; ma=2592000; v="46,43"

HTTP/2 404 
access-control-allow-origin: *
x-content-type-options: nosniff
date: Mon, 04 Oct 2021 06:04:39 GMT
content-type: text/html; charset=UTF-8
server: sffe
content-length: 1594
x-xss-protection: 0
alt-svc: h3=":443"; ma=2592000,h3-29=":443"; ma=2592000,h3-T051=":443"; ma=2592000,h3-Q050=":443"; ma=2592000,h3-Q046=":443"; ma=2592000,h3-Q043=":443"; ma=2592000,quic=":443"; ma=2592000; v="46,43"

HTTP/2 404 
access-control-allow-origin: *
x-content-type-options: nosniff
date: Mon, 04 Oct 2021 06:04:39 GMT
content-type: text/html; charset=UTF-8
server: sffe
content-length: 1594
x-xss-protection: 0
alt-svc: h3=":443"; ma=2592000,h3-29=":443"; ma=2592000,h3-T051=":443"; ma=2592000,h3-Q050=":443"; ma=2592000,h3-Q046=":443"; ma=2592000,h3-Q043=":443"; ma=2592000,quic=":443"; ma=2592000; v="46,43"

HTTP/2 404 
access-control-allow-origin: *
x-content-type-options: nosniff
date: Mon, 04 Oct 2021 06:04:39 GMT
content-type: text/html; charset=UTF-8
server: sffe
content-length: 1595
x-xss-protection: 0
alt-svc: h3=":443"; ma=2592000,h3-29=":443"; ma=2592000,h3-T051=":443"; ma=2592000,h3-Q050=":443"; ma=2592000,h3-Q046=":443"; ma=2592000,h3-Q043=":443"; ma=2592000,quic=":443"; ma=2592000; v="46,43"

HTTP/2 404 
access-control-allow-origin: *
x-content-type-options: nosniff
date: Mon, 04 Oct 2021 06:04:39 GMT
content-type: text/html; charset=UTF-8
server: sffe
content-length: 1595
x-xss-protection: 0
alt-svc: h3=":443"; ma=2592000,h3-29=":443"; ma=2592000,h3-T051=":443"; ma=2592000,h3-Q050=":443"; ma=2592000,h3-Q046=":443"; ma=2592000,h3-Q043=":443"; ma=2592000,quic=":443"; ma=2592000; v="46,43"

HTTP/2 404 
access-control-allow-origin: *
x-content-type-options: nosniff
date: Mon, 04 Oct 2021 06:04:39 GMT
content-type: text/html; charset=UTF-8
server: sffe
content-length: 1594
x-xss-protection: 0
alt-svc: h3=":443"; ma=2592000,h3-29=":443"; ma=2592000,h3-T051=":443"; ma=2592000,h3-Q050=":443"; ma=2592000,h3-Q046=":443"; ma=2592000,h3-Q043=":443"; ma=2592000,quic=":443"; ma=2592000; v="46,43"

HTTP/2 404 
access-control-allow-origin: *
x-content-type-options: nosniff
date: Mon, 04 Oct 2021 06:04:39 GMT
content-type: text/html; charset=UTF-8
server: sffe
content-length: 1594
x-xss-protection: 0
alt-svc: h3=":443"; ma=2592000,h3-29=":443"; ma=2592000,h3-T051=":443"; ma=2592000,h3-Q050=":443"; ma=2592000,h3-Q046=":443"; ma=2592000,h3-Q043=":443"; ma=2592000,quic=":443"; ma=2592000; v="46,43"

HTTP/2 200 
accept-ranges: bytes
vary: Accept-Encoding
content-type: text/javascript; charset=UTF-8
content-length: 163950
access-control-allow-origin: *
content-security-policy-report-only: require-trusted-types-for 'script'; report-uri https://csp.withgoogle.com/csp/firebase-js
cross-origin-resource-policy: cross-origin
cross-origin-opener-policy-report-only: same-origin; report-to="firebase-js"
report-to: {"group":"firebase-js","max_age":2592000,"endpoints":[{"url":"https://csp.withgoogle.com/csp/report-to/firebase-js"}]}
date: Mon, 04 Oct 2021 06:04:39 GMT
expires: Tue, 04 Oct 2022 06:04:39 GMT
cache-control: public, max-age=31536000
last-modified: Thu, 13 Feb 2020 22:17:17 GMT
x-content-type-options: nosniff
server: sffe
x-xss-protection: 0
alt-svc: h3=":443"; ma=2592000,h3-29=":443"; ma=2592000,h3-T051=":443"; ma=2592000,h3-Q050=":443"; ma=2592000,h3-Q046=":443"; ma=2592000,h3-Q043=":443"; ma=2592000,quic=":443"; ma=2592000; v="46,43"

https://www.gstatic.com/firebasejs/7.19.7/firebase-auth.js
HTTP/2 404 
access-control-allow-origin: *
x-content-type-options: nosniff
date: Mon, 04 Oct 2021 06:04:39 GMT
content-type: text/html; charset=UTF-8
server: sffe
content-length: 1595
x-xss-protection: 0
alt-svc: h3=":443"; ma=2592000,h3-29=":443"; ma=2592000,h3-T051=":443"; ma=2592000,h3-Q050=":443"; ma=2592000,h3-Q046=":443"; ma=2592000,h3-Q043=":443"; ma=2592000,quic=":443"; ma=2592000; v="46,43"

HTTP/2 404 
access-control-allow-origin: *
x-content-type-options: nosniff
date: Mon, 04 Oct 2021 06:04:39 GMT
content-type: text/html; charset=UTF-8
server: sffe
content-length: 1595
x-xss-protection: 0
alt-svc: h3=":443"; ma=2592000,h3-29=":443"; ma=2592000,h3-T051=":443"; ma=2592000,h3-Q050=":443"; ma=2592000,h3-Q046=":443"; ma=2592000,h3-Q043=":443"; ma=2592000,quic=":443"; ma=2592000; v="46,43"

HTTP/2 404 
access-control-allow-origin: *
x-content-type-options: nosniff
date: Mon, 04 Oct 2021 06:04:39 GMT
content-type: text/html; charset=UTF-8
server: sffe
content-length: 1595
x-xss-protection: 0
alt-svc: h3=":443"; ma=2592000,h3-29=":443"; ma=2592000,h3-T051=":443"; ma=2592000,h3-Q050=":443"; ma=2592000,h3-Q046=":443"; ma=2592000,h3-Q043=":443"; ma=2592000,quic=":443"; ma=2592000; v="46,43"

HTTP/2 404 
access-control-allow-origin: *
x-content-type-options: nosniff
date: Mon, 04 Oct 2021 06:04:39 GMT
content-type: text/html; charset=UTF-8
server: sffe
content-length: 1594
x-xss-protection: 0
alt-svc: h3=":443"; ma=2592000,h3-29=":443"; ma=2592000,h3-T051=":443"; ma=2592000,h3-Q050=":443"; ma=2592000,h3-Q046=":443"; ma=2592000,h3-Q043=":443"; ma=2592000,quic=":443"; ma=2592000; v="46,43"

HTTP/2 404 
access-control-allow-origin: *
x-content-type-options: nosniff
date: Mon, 04 Oct 2021 06:04:39 GMT
content-type: text/html; charset=UTF-8
server: sffe
content-length: 1595
x-xss-protection: 0
alt-svc: h3=":443"; ma=2592000,h3-29=":443"; ma=2592000,h3-T051=":443"; ma=2592000,h3-Q050=":443"; ma=2592000,h3-Q046=":443"; ma=2592000,h3-Q043=":443"; ma=2592000,quic=":443"; ma=2592000; v="46,43"

https://www.gstatic.com/firebasejs/7.19.8/firebase-auth.js
HTTP/2 404 
access-control-allow-origin: *
x-content-type-options: nosniff
date: Mon, 04 Oct 2021 06:04:39 GMT
content-type: text/html; charset=UTF-8
server: sffe
content-length: 1594
x-xss-protection: 0
alt-svc: h3=":443"; ma=2592000,h3-29=":443"; ma=2592000,h3-T051=":443"; ma=2592000,h3-Q050=":443"; ma=2592000,h3-Q046=":443"; ma=2592000,h3-Q043=":443"; ma=2592000,quic=":443"; ma=2592000; v="46,43"

https://www.gstatic.com/firebasejs/7.19.9/firebase-auth.js
HTTP/2 404 
access-control-allow-origin: *
x-content-type-options: nosniff
date: Mon, 04 Oct 2021 06:04:39 GMT
content-type: text/html; charset=UTF-8
server: sffe
content-length: 1595
x-xss-protection: 0
alt-svc: h3=":443"; ma=2592000,h3-29=":443"; ma=2592000,h3-T051=":443"; ma=2592000,h3-Q050=":443"; ma=2592000,h3-Q046=":443"; ma=2592000,h3-Q043=":443"; ma=2592000,quic=":443"; ma=2592000; v="46,43"

HTTP/2 200 
accept-ranges: bytes
vary: Accept-Encoding
content-type: text/javascript; charset=UTF-8
content-length: 163950
access-control-allow-origin: *
content-security-policy-report-only: require-trusted-types-for 'script'; report-uri https://csp.withgoogle.com/csp/firebase-js
cross-origin-resource-policy: cross-origin
cross-origin-opener-policy-report-only: same-origin; report-to="firebase-js"
report-to: {"group":"firebase-js","max_age":2592000,"endpoints":[{"url":"https://csp.withgoogle.com/csp/report-to/firebase-js"}]}
date: Mon, 04 Oct 2021 06:04:39 GMT
expires: Tue, 04 Oct 2022 06:04:39 GMT
cache-control: public, max-age=31536000
last-modified: Fri, 21 Feb 2020 21:28:08 GMT
x-content-type-options: nosniff
server: sffe
x-xss-protection: 0
alt-svc: h3=":443"; ma=2592000,h3-29=":443"; ma=2592000,h3-T051=":443"; ma=2592000,h3-Q050=":443"; ma=2592000,h3-Q046=":443"; ma=2592000,h3-Q043=":443"; ma=2592000,quic=":443"; ma=2592000; v="46,43"

HTTP/2 404 
access-control-allow-origin: *
x-content-type-options: nosniff
date: Mon, 04 Oct 2021 06:04:39 GMT
content-type: text/html; charset=UTF-8
server: sffe
content-length: 1595
x-xss-protection: 0
alt-svc: h3=":443"; ma=2592000,h3-29=":443"; ma=2592000,h3-T051=":443"; ma=2592000,h3-Q050=":443"; ma=2592000,h3-Q046=":443"; ma=2592000,h3-Q043=":443"; ma=2592000,quic=":443"; ma=2592000; v="46,43"

HTTP/2 404 
access-control-allow-origin: *
x-content-type-options: nosniff
date: Mon, 04 Oct 2021 06:04:39 GMT
content-type: text/html; charset=UTF-8
server: sffe
content-length: 1595
x-xss-protection: 0
alt-svc: h3=":443"; ma=2592000,h3-29=":443"; ma=2592000,h3-T051=":443"; ma=2592000,h3-Q050=":443"; ma=2592000,h3-Q046=":443"; ma=2592000,h3-Q043=":443"; ma=2592000,quic=":443"; ma=2592000; v="46,43"

HTTP/2 404 
access-control-allow-origin: *
x-content-type-options: nosniff
date: Mon, 04 Oct 2021 06:04:39 GMT
content-type: text/html; charset=UTF-8
server: sffe
content-length: 1595
x-xss-protection: 0
alt-svc: h3=":443"; ma=2592000,h3-29=":443"; ma=2592000,h3-T051=":443"; ma=2592000,h3-Q050=":443"; ma=2592000,h3-Q046=":443"; ma=2592000,h3-Q043=":443"; ma=2592000,quic=":443"; ma=2592000; v="46,43"

HTTP/2 404 
access-control-allow-origin: *
x-content-type-options: nosniff
date: Mon, 04 Oct 2021 06:04:39 GMT
content-type: text/html; charset=UTF-8
server: sffe
content-length: 1594
x-xss-protection: 0
alt-svc: h3=":443"; ma=2592000,h3-29=":443"; ma=2592000,h3-T051=":443"; ma=2592000,h3-Q050=":443"; ma=2592000,h3-Q046=":443"; ma=2592000,h3-Q043=":443"; ma=2592000,quic=":443"; ma=2592000; v="46,43"

https://www.gstatic.com/firebasejs/7.19.10/firebase-auth.js
HTTP/2 404 
access-control-allow-origin: *
x-content-type-options: nosniff
date: Mon, 04 Oct 2021 06:04:39 GMT
content-type: text/html; charset=UTF-8
server: sffe
content-length: 1595
x-xss-protection: 0
alt-svc: h3=":443"; ma=2592000,h3-29=":443"; ma=2592000,h3-T051=":443"; ma=2592000,h3-Q050=":443"; ma=2592000,h3-Q046=":443"; ma=2592000,h3-Q043=":443"; ma=2592000,quic=":443"; ma=2592000; v="46,43"

HTTP/2 404 
access-control-allow-origin: *
x-content-type-options: nosniff
date: Mon, 04 Oct 2021 06:04:39 GMT
content-type: text/html; charset=UTF-8
server: sffe
content-length: 1594
x-xss-protection: 0
alt-svc: h3=":443"; ma=2592000,h3-29=":443"; ma=2592000,h3-T051=":443"; ma=2592000,h3-Q050=":443"; ma=2592000,h3-Q046=":443"; ma=2592000,h3-Q043=":443"; ma=2592000,quic=":443"; ma=2592000; v="46,43"

https://www.gstatic.com/firebasejs/7.19.11/firebase-auth.js
HTTP/2 404 
access-control-allow-origin: *
x-content-type-options: nosniff
date: Mon, 04 Oct 2021 06:04:39 GMT
content-type: text/html; charset=UTF-8
server: sffe
content-length: 1594
x-xss-protection: 0
alt-svc: h3=":443"; ma=2592000,h3-29=":443"; ma=2592000,h3-T051=":443"; ma=2592000,h3-Q050=":443"; ma=2592000,h3-Q046=":443"; ma=2592000,h3-Q043=":443"; ma=2592000,quic=":443"; ma=2592000; v="46,43"

https://www.gstatic.com/firebasejs/7.19.12/firebase-auth.js
https://www.gstatic.com/firebasejs/7.19.13/firebase-auth.js
HTTP/2 200 
accept-ranges: bytes
vary: Accept-Encoding
content-type: text/javascript; charset=UTF-8
content-length: 163950
access-control-allow-origin: *
content-security-policy-report-only: require-trusted-types-for 'script'; report-uri https://csp.withgoogle.com/csp/firebase-js
cross-origin-resource-policy: cross-origin
cross-origin-opener-policy-report-only: same-origin; report-to="firebase-js"
report-to: {"group":"firebase-js","max_age":2592000,"endpoints":[{"url":"https://csp.withgoogle.com/csp/report-to/firebase-js"}]}
date: Mon, 04 Oct 2021 06:04:39 GMT
expires: Tue, 04 Oct 2022 06:04:39 GMT
cache-control: public, max-age=31536000
last-modified: Thu, 20 Feb 2020 22:03:38 GMT
x-content-type-options: nosniff
server: sffe
x-xss-protection: 0
alt-svc: h3=":443"; ma=2592000,h3-29=":443"; ma=2592000,h3-T051=":443"; ma=2592000,h3-Q050=":443"; ma=2592000,h3-Q046=":443"; ma=2592000,h3-Q043=":443"; ma=2592000,quic=":443"; ma=2592000; v="46,43"

HTTP/2 404 
access-control-allow-origin: *
x-content-type-options: nosniff
date: Mon, 04 Oct 2021 06:04:39 GMT
content-type: text/html; charset=UTF-8
server: sffe
content-length: 1594
x-xss-protection: 0
alt-svc: h3=":443"; ma=2592000,h3-29=":443"; ma=2592000,h3-T051=":443"; ma=2592000,h3-Q050=":443"; ma=2592000,h3-Q046=":443"; ma=2592000,h3-Q043=":443"; ma=2592000,quic=":443"; ma=2592000; v="46,43"

HTTP/2 200 
accept-ranges: bytes
vary: Accept-Encoding
content-type: text/javascript; charset=UTF-8
content-length: 163950
access-control-allow-origin: *
content-security-policy-report-only: require-trusted-types-for 'script'; report-uri https://csp.withgoogle.com/csp/firebase-js
cross-origin-resource-policy: cross-origin
cross-origin-opener-policy-report-only: same-origin; report-to="firebase-js"
report-to: {"group":"firebase-js","max_age":2592000,"endpoints":[{"url":"https://csp.withgoogle.com/csp/report-to/firebase-js"}]}
date: Mon, 04 Oct 2021 06:04:39 GMT
expires: Tue, 04 Oct 2022 06:04:39 GMT
cache-control: public, max-age=31536000
last-modified: Fri, 28 Feb 2020 23:45:49 GMT
x-content-type-options: nosniff
server: sffe
x-xss-protection: 0
alt-svc: h3=":443"; ma=2592000,h3-29=":443"; ma=2592000,h3-T051=":443"; ma=2592000,h3-Q050=":443"; ma=2592000,h3-Q046=":443"; ma=2592000,h3-Q043=":443"; ma=2592000,quic=":443"; ma=2592000; v="46,43"

https://www.gstatic.com/firebasejs/7.19.14/firebase-auth.js
https://www.gstatic.com/firebasejs/7.19.15/firebase-auth.js
HTTP/2 404 
access-control-allow-origin: *
x-content-type-options: nosniff
date: Mon, 04 Oct 2021 06:04:39 GMT
content-type: text/html; charset=UTF-8
server: sffe
content-length: 1595
x-xss-protection: 0
alt-svc: h3=":443"; ma=2592000,h3-29=":443"; ma=2592000,h3-T051=":443"; ma=2592000,h3-Q050=":443"; ma=2592000,h3-Q046=":443"; ma=2592000,h3-Q043=":443"; ma=2592000,quic=":443"; ma=2592000; v="46,43"

HTTP/2 200 
accept-ranges: bytes
vary: Accept-Encoding
content-type: text/javascript; charset=UTF-8
content-length: 163950
access-control-allow-origin: *
content-security-policy-report-only: require-trusted-types-for 'script'; report-uri https://csp.withgoogle.com/csp/firebase-js
cross-origin-resource-policy: cross-origin
cross-origin-opener-policy-report-only: same-origin; report-to="firebase-js"
report-to: {"group":"firebase-js","max_age":2592000,"endpoints":[{"url":"https://csp.withgoogle.com/csp/report-to/firebase-js"}]}
date: Mon, 04 Oct 2021 06:04:39 GMT
expires: Tue, 04 Oct 2022 06:04:39 GMT
cache-control: public, max-age=31536000
last-modified: Fri, 28 Feb 2020 00:34:42 GMT
x-content-type-options: nosniff
server: sffe
x-xss-protection: 0
alt-svc: h3=":443"; ma=2592000,h3-29=":443"; ma=2592000,h3-T051=":443"; ma=2592000,h3-Q050=":443"; ma=2592000,h3-Q046=":443"; ma=2592000,h3-Q043=":443"; ma=2592000,quic=":443"; ma=2592000; v="46,43"

https://www.gstatic.com/firebasejs/7.19.16/firebase-auth.js
https://www.gstatic.com/firebasejs/7.19.17/firebase-auth.js
HTTP/2 404 
access-control-allow-origin: *
x-content-type-options: nosniff
date: Mon, 04 Oct 2021 06:04:39 GMT
content-type: text/html; charset=UTF-8
server: sffe
content-length: 1595
x-xss-protection: 0
alt-svc: h3=":443"; ma=2592000,h3-29=":443"; ma=2592000,h3-T051=":443"; ma=2592000,h3-Q050=":443"; ma=2592000,h3-Q046=":443"; ma=2592000,h3-Q043=":443"; ma=2592000,quic=":443"; ma=2592000; v="46,43"

https://www.gstatic.com/firebasejs/7.19.18/firebase-auth.js
HTTP/2 404 
access-control-allow-origin: *
x-content-type-options: nosniff
date: Mon, 04 Oct 2021 06:04:39 GMT
content-type: text/html; charset=UTF-8
server: sffe
content-length: 1595
x-xss-protection: 0
alt-svc: h3=":443"; ma=2592000,h3-29=":443"; ma=2592000,h3-T051=":443"; ma=2592000,h3-Q050=":443"; ma=2592000,h3-Q046=":443"; ma=2592000,h3-Q043=":443"; ma=2592000,quic=":443"; ma=2592000; v="46,43"

https://www.gstatic.com/firebasejs/7.19.19/firebase-auth.js
https://www.gstatic.com/firebasejs/7.19.20/firebase-auth.js
HTTP/2 404 
access-control-allow-origin: *
x-content-type-options: nosniff
date: Mon, 04 Oct 2021 06:04:39 GMT
content-type: text/html; charset=UTF-8
server: sffe
content-length: 1594
x-xss-protection: 0
alt-svc: h3=":443"; ma=2592000,h3-29=":443"; ma=2592000,h3-T051=":443"; ma=2592000,h3-Q050=":443"; ma=2592000,h3-Q046=":443"; ma=2592000,h3-Q043=":443"; ma=2592000,quic=":443"; ma=2592000; v="46,43"

https://www.gstatic.com/firebasejs/7.20.0/firebase-auth.js
https://www.gstatic.com/firebasejs/7.20.1/firebase-auth.js
HTTP/2 404 
access-control-allow-origin: *
x-content-type-options: nosniff
date: Mon, 04 Oct 2021 06:04:39 GMT
content-type: text/html; charset=UTF-8
server: sffe
content-length: 1595
x-xss-protection: 0
alt-svc: h3=":443"; ma=2592000,h3-29=":443"; ma=2592000,h3-T051=":443"; ma=2592000,h3-Q050=":443"; ma=2592000,h3-Q046=":443"; ma=2592000,h3-Q043=":443"; ma=2592000,quic=":443"; ma=2592000; v="46,43"

HTTP/2 404 
access-control-allow-origin: *
x-content-type-options: nosniff
date: Mon, 04 Oct 2021 06:04:39 GMT
content-type: text/html; charset=UTF-8
server: sffe
content-length: 1595
x-xss-protection: 0
alt-svc: h3=":443"; ma=2592000,h3-29=":443"; ma=2592000,h3-T051=":443"; ma=2592000,h3-Q050=":443"; ma=2592000,h3-Q046=":443"; ma=2592000,h3-Q043=":443"; ma=2592000,quic=":443"; ma=2592000; v="46,43"

https://www.gstatic.com/firebasejs/7.20.2/firebase-auth.js
HTTP/2 404 
access-control-allow-origin: *
x-content-type-options: nosniff
date: Mon, 04 Oct 2021 06:04:39 GMT
content-type: text/html; charset=UTF-8
server: sffe
content-length: 1594
x-xss-protection: 0
alt-svc: h3=":443"; ma=2592000,h3-29=":443"; ma=2592000,h3-T051=":443"; ma=2592000,h3-Q050=":443"; ma=2592000,h3-Q046=":443"; ma=2592000,h3-Q043=":443"; ma=2592000,quic=":443"; ma=2592000; v="46,43"

https://www.gstatic.com/firebasejs/7.20.4/firebase-auth.js
HTTP/2 404 
access-control-allow-origin: *
x-content-type-options: nosniff
date: Mon, 04 Oct 2021 06:04:39 GMT
content-type: text/html; charset=UTF-8
server: sffe
content-length: 1595
x-xss-protection: 0
alt-svc: h3=":443"; ma=2592000,h3-29=":443"; ma=2592000,h3-T051=":443"; ma=2592000,h3-Q050=":443"; ma=2592000,h3-Q046=":443"; ma=2592000,h3-Q043=":443"; ma=2592000,quic=":443"; ma=2592000; v="46,43"

https://www.gstatic.com/firebasejs/7.20.3/firebase-auth.js
HTTP/2 404 
access-control-allow-origin: *
x-content-type-options: nosniff
date: Mon, 04 Oct 2021 06:04:39 GMT
content-type: text/html; charset=UTF-8
server: sffe
content-length: 1594
x-xss-protection: 0
alt-svc: h3=":443"; ma=2592000,h3-29=":443"; ma=2592000,h3-T051=":443"; ma=2592000,h3-Q050=":443"; ma=2592000,h3-Q046=":443"; ma=2592000,h3-Q043=":443"; ma=2592000,quic=":443"; ma=2592000; v="46,43"

HTTP/2 404 
access-control-allow-origin: *
x-content-type-options: nosniff
date: Mon, 04 Oct 2021 06:04:39 GMT
content-type: text/html; charset=UTF-8
server: sffe
content-length: 1594
x-xss-protection: 0
alt-svc: h3=":443"; ma=2592000,h3-29=":443"; ma=2592000,h3-T051=":443"; ma=2592000,h3-Q050=":443"; ma=2592000,h3-Q046=":443"; ma=2592000,h3-Q043=":443"; ma=2592000,quic=":443"; ma=2592000; v="46,43"

https://www.gstatic.com/firebasejs/7.20.5/firebase-auth.js
HTTP/2 404 
access-control-allow-origin: *
x-content-type-options: nosniff
date: Mon, 04 Oct 2021 06:04:39 GMT
content-type: text/html; charset=UTF-8
server: sffe
content-length: 1595
x-xss-protection: 0
alt-svc: h3=":443"; ma=2592000,h3-29=":443"; ma=2592000,h3-T051=":443"; ma=2592000,h3-Q050=":443"; ma=2592000,h3-Q046=":443"; ma=2592000,h3-Q043=":443"; ma=2592000,quic=":443"; ma=2592000; v="46,43"

HTTP/2 404 
access-control-allow-origin: *
x-content-type-options: nosniff
date: Mon, 04 Oct 2021 06:04:39 GMT
content-type: text/html; charset=UTF-8
server: sffe
content-length: 1595
x-xss-protection: 0
alt-svc: h3=":443"; ma=2592000,h3-29=":443"; ma=2592000,h3-T051=":443"; ma=2592000,h3-Q050=":443"; ma=2592000,h3-Q046=":443"; ma=2592000,h3-Q043=":443"; ma=2592000,quic=":443"; ma=2592000; v="46,43"

https://www.gstatic.com/firebasejs/7.20.6/firebase-auth.js
https://www.gstatic.com/firebasejs/7.20.7/firebase-auth.js
HTTP/2 404 
access-control-allow-origin: *
x-content-type-options: nosniff
date: Mon, 04 Oct 2021 06:04:39 GMT
content-type: text/html; charset=UTF-8
server: sffe
content-length: 1594
x-xss-protection: 0
alt-svc: h3=":443"; ma=2592000,h3-29=":443"; ma=2592000,h3-T051=":443"; ma=2592000,h3-Q050=":443"; ma=2592000,h3-Q046=":443"; ma=2592000,h3-Q043=":443"; ma=2592000,quic=":443"; ma=2592000; v="46,43"

HTTP/2 404 
access-control-allow-origin: *
x-content-type-options: nosniff
date: Mon, 04 Oct 2021 06:04:39 GMT
content-type: text/html; charset=UTF-8
server: sffe
content-length: 1595
x-xss-protection: 0
alt-svc: h3=":443"; ma=2592000,h3-29=":443"; ma=2592000,h3-T051=":443"; ma=2592000,h3-Q050=":443"; ma=2592000,h3-Q046=":443"; ma=2592000,h3-Q043=":443"; ma=2592000,quic=":443"; ma=2592000; v="46,43"

HTTP/2 404 
access-control-allow-origin: *
x-content-type-options: nosniff
date: Mon, 04 Oct 2021 06:04:39 GMT
content-type: text/html; charset=UTF-8
server: sffe
content-length: 1595
x-xss-protection: 0
alt-svc: h3=":443"; ma=2592000,h3-29=":443"; ma=2592000,h3-T051=":443"; ma=2592000,h3-Q050=":443"; ma=2592000,h3-Q046=":443"; ma=2592000,h3-Q043=":443"; ma=2592000,quic=":443"; ma=2592000; v="46,43"

https://www.gstatic.com/firebasejs/7.20.8/firebase-auth.js
https://www.gstatic.com/firebasejs/7.20.9/firebase-auth.js
https://www.gstatic.com/firebasejs/7.20.10/firebase-auth.js
https://www.gstatic.com/firebasejs/7.20.11/firebase-auth.js
HTTP/2 404 
access-control-allow-origin: *
x-content-type-options: nosniff
date: Mon, 04 Oct 2021 06:04:39 GMT
content-type: text/html; charset=UTF-8
server: sffe
content-length: 1595
x-xss-protection: 0
alt-svc: h3=":443"; ma=2592000,h3-29=":443"; ma=2592000,h3-T051=":443"; ma=2592000,h3-Q050=":443"; ma=2592000,h3-Q046=":443"; ma=2592000,h3-Q043=":443"; ma=2592000,quic=":443"; ma=2592000; v="46,43"

HTTP/2 404 
access-control-allow-origin: *
x-content-type-options: nosniff
date: Mon, 04 Oct 2021 06:04:39 GMT
content-type: text/html; charset=UTF-8
server: sffe
content-length: 1595
x-xss-protection: 0
alt-svc: h3=":443"; ma=2592000,h3-29=":443"; ma=2592000,h3-T051=":443"; ma=2592000,h3-Q050=":443"; ma=2592000,h3-Q046=":443"; ma=2592000,h3-Q043=":443"; ma=2592000,quic=":443"; ma=2592000; v="46,43"

https://www.gstatic.com/firebasejs/7.20.12/firebase-auth.js
https://www.gstatic.com/firebasejs/7.20.13/firebase-auth.js
HTTP/2 404 
access-control-allow-origin: *
x-content-type-options: nosniff
date: Mon, 04 Oct 2021 06:04:39 GMT
content-type: text/html; charset=UTF-8
server: sffe
content-length: 1595
x-xss-protection: 0
alt-svc: h3=":443"; ma=2592000,h3-29=":443"; ma=2592000,h3-T051=":443"; ma=2592000,h3-Q050=":443"; ma=2592000,h3-Q046=":443"; ma=2592000,h3-Q043=":443"; ma=2592000,quic=":443"; ma=2592000; v="46,43"

https://www.gstatic.com/firebasejs/7.20.14/firebase-auth.js
https://www.gstatic.com/firebasejs/7.20.15/firebase-auth.js
https://www.gstatic.com/firebasejs/7.20.16/firebase-auth.js
HTTP/2 404 
access-control-allow-origin: *
x-content-type-options: nosniff
date: Mon, 04 Oct 2021 06:04:39 GMT
content-type: text/html; charset=UTF-8
server: sffe
content-length: 1595
x-xss-protection: 0
alt-svc: h3=":443"; ma=2592000,h3-29=":443"; ma=2592000,h3-T051=":443"; ma=2592000,h3-Q050=":443"; ma=2592000,h3-Q046=":443"; ma=2592000,h3-Q043=":443"; ma=2592000,quic=":443"; ma=2592000; v="46,43"

https://www.gstatic.com/firebasejs/7.20.17/firebase-auth.js
https://www.gstatic.com/firebasejs/7.20.18/firebase-auth.js
https://www.gstatic.com/firebasejs/7.20.19/firebase-auth.js
HTTP/2 404 
access-control-allow-origin: *
x-content-type-options: nosniff
date: Mon, 04 Oct 2021 06:04:39 GMT
content-type: text/html; charset=UTF-8
server: sffe
content-length: 1595
x-xss-protection: 0
alt-svc: h3=":443"; ma=2592000,h3-29=":443"; ma=2592000,h3-T051=":443"; ma=2592000,h3-Q050=":443"; ma=2592000,h3-Q046=":443"; ma=2592000,h3-Q043=":443"; ma=2592000,quic=":443"; ma=2592000; v="46,43"

https://www.gstatic.com/firebasejs/7.20.20/firebase-auth.js
https://www.gstatic.com/firebasejs/8.0.0/firebase-auth.js
HTTP/2 404 
access-control-allow-origin: *
x-content-type-options: nosniff
date: Mon, 04 Oct 2021 06:04:39 GMT
content-type: text/html; charset=UTF-8
server: sffe
content-length: 1595
x-xss-protection: 0
alt-svc: h3=":443"; ma=2592000,h3-29=":443"; ma=2592000,h3-T051=":443"; ma=2592000,h3-Q050=":443"; ma=2592000,h3-Q046=":443"; ma=2592000,h3-Q043=":443"; ma=2592000,quic=":443"; ma=2592000; v="46,43"

HTTP/2 404 
access-control-allow-origin: *
x-content-type-options: nosniff
date: Mon, 04 Oct 2021 06:04:39 GMT
content-type: text/html; charset=UTF-8
server: sffe
content-length: 1594
x-xss-protection: 0
alt-svc: h3=":443"; ma=2592000,h3-29=":443"; ma=2592000,h3-T051=":443"; ma=2592000,h3-Q050=":443"; ma=2592000,h3-Q046=":443"; ma=2592000,h3-Q043=":443"; ma=2592000,quic=":443"; ma=2592000; v="46,43"

HTTP/2 404 
access-control-allow-origin: *
x-content-type-options: nosniff
date: Mon, 04 Oct 2021 06:04:39 GMT
content-type: text/html; charset=UTF-8
server: sffe
content-length: 1595
x-xss-protection: 0
alt-svc: h3=":443"; ma=2592000,h3-29=":443"; ma=2592000,h3-T051=":443"; ma=2592000,h3-Q050=":443"; ma=2592000,h3-Q046=":443"; ma=2592000,h3-Q043=":443"; ma=2592000,quic=":443"; ma=2592000; v="46,43"

https://www.gstatic.com/firebasejs/8.0.1/firebase-auth.js
https://www.gstatic.com/firebasejs/8.0.2/firebase-auth.js
https://www.gstatic.com/firebasejs/8.0.3/firebase-auth.js
https://www.gstatic.com/firebasejs/8.0.4/firebase-auth.js
https://www.gstatic.com/firebasejs/8.0.5/firebase-auth.js
https://www.gstatic.com/firebasejs/8.0.6/firebase-auth.js
https://www.gstatic.com/firebasejs/8.0.7/firebase-auth.js
HTTP/2 404 
access-control-allow-origin: *
x-content-type-options: nosniff
date: Mon, 04 Oct 2021 06:04:39 GMT
content-type: text/html; charset=UTF-8
server: sffe
content-length: 1595
x-xss-protection: 0
alt-svc: h3=":443"; ma=2592000,h3-29=":443"; ma=2592000,h3-T051=":443"; ma=2592000,h3-Q050=":443"; ma=2592000,h3-Q046=":443"; ma=2592000,h3-Q043=":443"; ma=2592000,quic=":443"; ma=2592000; v="46,43"

https://www.gstatic.com/firebasejs/8.0.8/firebase-auth.js
HTTP/2 404 
access-control-allow-origin: *
x-content-type-options: nosniff
date: Mon, 04 Oct 2021 06:04:39 GMT
content-type: text/html; charset=UTF-8
server: sffe
content-length: 1594
x-xss-protection: 0
alt-svc: h3=":443"; ma=2592000,h3-29=":443"; ma=2592000,h3-T051=":443"; ma=2592000,h3-Q050=":443"; ma=2592000,h3-Q046=":443"; ma=2592000,h3-Q043=":443"; ma=2592000,quic=":443"; ma=2592000; v="46,43"

https://www.gstatic.com/firebasejs/8.0.9/firebase-auth.js
https://www.gstatic.com/firebasejs/8.0.10/firebase-auth.js
https://www.gstatic.com/firebasejs/8.0.11/firebase-auth.js
HTTP/2 404 
access-control-allow-origin: *
x-content-type-options: nosniff
date: Mon, 04 Oct 2021 06:04:39 GMT
content-type: text/html; charset=UTF-8
server: sffe
content-length: 1594
x-xss-protection: 0
alt-svc: h3=":443"; ma=2592000,h3-29=":443"; ma=2592000,h3-T051=":443"; ma=2592000,h3-Q050=":443"; ma=2592000,h3-Q046=":443"; ma=2592000,h3-Q043=":443"; ma=2592000,quic=":443"; ma=2592000; v="46,43"

https://www.gstatic.com/firebasejs/8.0.12/firebase-auth.js
HTTP/2 404 
access-control-allow-origin: *
x-content-type-options: nosniff
date: Mon, 04 Oct 2021 06:04:39 GMT
content-type: text/html; charset=UTF-8
server: sffe
content-length: 1594
x-xss-protection: 0
alt-svc: h3=":443"; ma=2592000,h3-29=":443"; ma=2592000,h3-T051=":443"; ma=2592000,h3-Q050=":443"; ma=2592000,h3-Q046=":443"; ma=2592000,h3-Q043=":443"; ma=2592000,quic=":443"; ma=2592000; v="46,43"

HTTP/2 404 
access-control-allow-origin: *
x-content-type-options: nosniff
date: Mon, 04 Oct 2021 06:04:39 GMT
content-type: text/html; charset=UTF-8
server: sffe
content-length: 1594
x-xss-protection: 0
alt-svc: h3=":443"; ma=2592000,h3-29=":443"; ma=2592000,h3-T051=":443"; ma=2592000,h3-Q050=":443"; ma=2592000,h3-Q046=":443"; ma=2592000,h3-Q043=":443"; ma=2592000,quic=":443"; ma=2592000; v="46,43"

https://www.gstatic.com/firebasejs/8.0.13/firebase-auth.js
https://www.gstatic.com/firebasejs/8.0.14/firebase-auth.js
HTTP/2 404 
access-control-allow-origin: *
x-content-type-options: nosniff
date: Mon, 04 Oct 2021 06:04:39 GMT
content-type: text/html; charset=UTF-8
server: sffe
content-length: 1595
x-xss-protection: 0
alt-svc: h3=":443"; ma=2592000,h3-29=":443"; ma=2592000,h3-T051=":443"; ma=2592000,h3-Q050=":443"; ma=2592000,h3-Q046=":443"; ma=2592000,h3-Q043=":443"; ma=2592000,quic=":443"; ma=2592000; v="46,43"

https://www.gstatic.com/firebasejs/8.0.15/firebase-auth.js
HTTP/2 404 
access-control-allow-origin: *
x-content-type-options: nosniff
date: Mon, 04 Oct 2021 06:04:39 GMT
content-type: text/html; charset=UTF-8
server: sffe
content-length: 1594
x-xss-protection: 0
alt-svc: h3=":443"; ma=2592000,h3-29=":443"; ma=2592000,h3-T051=":443"; ma=2592000,h3-Q050=":443"; ma=2592000,h3-Q046=":443"; ma=2592000,h3-Q043=":443"; ma=2592000,quic=":443"; ma=2592000; v="46,43"

HTTP/2 404 
access-control-allow-origin: *
x-content-type-options: nosniff
date: Mon, 04 Oct 2021 06:04:39 GMT
content-type: text/html; charset=UTF-8
server: sffe
content-length: 1595
x-xss-protection: 0
alt-svc: h3=":443"; ma=2592000,h3-29=":443"; ma=2592000,h3-T051=":443"; ma=2592000,h3-Q050=":443"; ma=2592000,h3-Q046=":443"; ma=2592000,h3-Q043=":443"; ma=2592000,quic=":443"; ma=2592000; v="46,43"

https://www.gstatic.com/firebasejs/8.0.16/firebase-auth.js
HTTP/2 404 
access-control-allow-origin: *
x-content-type-options: nosniff
date: Mon, 04 Oct 2021 06:04:39 GMT
content-type: text/html; charset=UTF-8
server: sffe
content-length: 1595
x-xss-protection: 0
alt-svc: h3=":443"; ma=2592000,h3-29=":443"; ma=2592000,h3-T051=":443"; ma=2592000,h3-Q050=":443"; ma=2592000,h3-Q046=":443"; ma=2592000,h3-Q043=":443"; ma=2592000,quic=":443"; ma=2592000; v="46,43"

HTTP/2 404 
access-control-allow-origin: *
x-content-type-options: nosniff
date: Mon, 04 Oct 2021 06:04:39 GMT
content-type: text/html; charset=UTF-8
server: sffe
content-length: 1595
x-xss-protection: 0
alt-svc: h3=":443"; ma=2592000,h3-29=":443"; ma=2592000,h3-T051=":443"; ma=2592000,h3-Q050=":443"; ma=2592000,h3-Q046=":443"; ma=2592000,h3-Q043=":443"; ma=2592000,quic=":443"; ma=2592000; v="46,43"

HTTP/2 404 
access-control-allow-origin: *
x-content-type-options: nosniff
date: Mon, 04 Oct 2021 06:04:41 GMT
content-type: text/html; charset=UTF-8
server: sffe
content-length: 1595
x-xss-protection: 0
alt-svc: h3=":443"; ma=2592000,h3-29=":443"; ma=2592000,h3-T051=":443"; ma=2592000,h3-Q050=":443"; ma=2592000,h3-Q046=":443"; ma=2592000,h3-Q043=":443"; ma=2592000,quic=":443"; ma=2592000; v="46,43"

HTTP/2 404 
access-control-allow-origin: *
x-content-type-options: nosniff
date: Mon, 04 Oct 2021 06:04:42 GMT
content-type: text/html; charset=UTF-8
server: sffe
content-length: 1595
x-xss-protection: 0
alt-svc: h3=":443"; ma=2592000,h3-29=":443"; ma=2592000,h3-T051=":443"; ma=2592000,h3-Q050=":443"; ma=2592000,h3-Q046=":443"; ma=2592000,h3-Q043=":443"; ma=2592000,quic=":443"; ma=2592000; v="46,43"

